2019-10-03 13:19:43 +0000  Initial pipeline context: <IDEDistributionProcessingPipelineContext: 0x7fce1b3d96f0; archive(resolved)='<IDEArchive: 0x7fce1a2724b0>', distributionTask(resolved)='2', distributionDestination(resolved)='1', distributionMethod(resolved)='<IDEDistributionMethodiOSEnterprise: 0x7fce11da2300>', team(resolved)='<IDEProvisioningDisambiguatableBasicTeam: 0x7fce259b02d0; teamID='32M9V9VLQY', teamName='Appy Pie LLC', teamType='(null)', username='(null)', isFreeProvisioningTeam='0'>'>
	Chain (12, self inclusive):
	<IDEDistributionProcessingPipelineContext: 0x7fce1b3d96f0; archive = '<IDEArchive: 0x7fce1a2724b0>', distributionMethod='<IDEDistributionMethodiOSEnterprise: 0x7fce11da2300>', team='<IDEProvisioningDisambiguatableBasicTeam: 0x7fce259b02d0; teamID='32M9V9VLQY', teamName='Appy Pie LLC', teamType='(null)', username='(null)', isFreeProvisioningTeam='0'>'>
	<IDEDistributionProcessingPipelineContext: 0x7fce1d02f130; archive = '<IDEArchive: 0x7fce1a2724b0>', distributionMethod='<IDEDistributionMethodiOSEnterprise: 0x7fce11da2300>', team='<IDEProvisioningDisambiguatableBasicTeam: 0x7fce259b02d0; teamID='32M9V9VLQY', teamName='Appy Pie LLC', teamType='(null)', username='(null)', isFreeProvisioningTeam='0'>'>
	<IDEDistributionContext: 0x7fce1d31e160; archive = '<IDEArchive: 0x7fce1a2724b0>', distributionMethod='<IDEDistributionMethodiOSEnterprise: 0x7fce11da2300>', team='<IDEProvisioningDisambiguatableBasicTeam: 0x7fce259b02d0; teamID='32M9V9VLQY', teamName='Appy Pie LLC', teamType='(null)', username='(null)', isFreeProvisioningTeam='0'>'>
	<IDEDistributionContext: 0x7fce1d0400d0; archive = '<IDEArchive: 0x7fce1a2724b0>', distributionMethod='<IDEDistributionMethodiOSEnterprise: 0x7fce11da2300>', team='<IDEProvisioningDisambiguatableBasicTeam: 0x7fce259b02d0; teamID='32M9V9VLQY', teamName='Appy Pie LLC', teamType='(null)', username='(null)', isFreeProvisioningTeam='0'>'>
	<IDEDistributionContext: 0x7fce1d041040; archive = '<IDEArchive: 0x7fce1a2724b0>', distributionMethod='<IDEDistributionMethodiOSEnterprise: 0x7fce11da2300>', team='<IDEProvisioningDisambiguatableBasicTeam: 0x7fce259b02d0; teamID='32M9V9VLQY', teamName='Appy Pie LLC', teamType='(null)', username='(null)', isFreeProvisioningTeam='0'>'>
	<IDEDistributionContext: 0x7fce1d09edc0; archive = '<IDEArchive: 0x7fce1a2724b0>', distributionMethod='<IDEDistributionMethodiOSEnterprise: 0x7fce11da2300>', team='<IDEProvisioningDisambiguatableBasicTeam: 0x7fce259b02d0; teamID='32M9V9VLQY', teamName='Appy Pie LLC', teamType='(null)', username='(null)', isFreeProvisioningTeam='0'>'>
	<IDEDistributionContext: 0x7fce1d56b470; archive = '<IDEArchive: 0x7fce1a2724b0>', distributionMethod='<IDEDistributionMethodiOSEnterprise: 0x7fce11da2300>', team='<IDEProvisioningDisambiguatableBasicTeam: 0x7fce259b02d0; teamID='32M9V9VLQY', teamName='Appy Pie LLC', teamType='(null)', username='(null)', isFreeProvisioningTeam='0'>'>
	<IDEDistributionContext: 0x7fce1d318d60; archive = '<IDEArchive: 0x7fce1a2724b0>', distributionMethod='<IDEDistributionMethodiOSEnterprise: 0x7fce11da2300>', team='<IDEProvisioningDisambiguatableBasicTeam: 0x7fce259b02d0; teamID='32M9V9VLQY', teamName='Appy Pie LLC', teamType='(null)', username='(null)', isFreeProvisioningTeam='0'>'>
	<IDEDistributionContext: 0x7fce1d369160; archive = '<IDEArchive: 0x7fce1a2724b0>', distributionMethod='<IDEDistributionMethodiOSEnterprise: 0x7fce11da2300>', team='<IDEProvisioningDisambiguatableBasicTeam: 0x7fce259b02d0; teamID='32M9V9VLQY', teamName='Appy Pie LLC', teamType='(null)', username='(null)', isFreeProvisioningTeam='0'>'>
	<IDEDistributionContext: 0x7fce1d36f7a0; archive = '<IDEArchive: 0x7fce1a2724b0>', distributionMethod='<IDEDistributionMethodiOSEnterprise: 0x7fce11da2300>', team='(null)'>
	<IDEDistributionContext: 0x7fce1d21b680; archive = '<IDEArchive: 0x7fce1a2724b0>', distributionMethod='<IDEDistributionMethodiOSEnterprise: 0x7fce11da2300>', team='(null)'>
	<IDEDistributionContext: 0x7fce1d30d1d0; archive = '<IDEArchive: 0x7fce1a2724b0>', distributionMethod='(null)', team='(null)'>
</IDEDistributionProcessingPipelineContext: 0x7fce1b3d96f0>
2019-10-03 13:19:43 +0000  Processing step: IDEDistributionCreateDestRootStep
2019-10-03 13:19:43 +0000  Processing step: IDEDistributionAssetPackManifestIndexingStep
2019-10-03 13:19:43 +0000  Processing step: IDEDistributionCopyItemStep
2019-10-03 13:19:43 +0000  Running /usr/bin/ditto '-V' '/Users/shailendra/Library/Developer/Xcode/Archives/2019-10-03/MediPac 03-10-19, 6.45 PM.xcarchive/Products/Applications/MediPac.app' '/var/folders/m8/qx6l97s97vvcngjyq19xd68h0000gn/T/XcodeDistPipeline.iXd/Root/Payload/MediPac.app'
2019-10-03 13:19:43 +0000  >>> Copying /Users/shailendra/Library/Developer/Xcode/Archives/2019-10-03/MediPac 03-10-19, 6.45 PM.xcarchive/Products/Applications/MediPac.app 
2019-10-03 13:19:43 +0000  copying file ./_CodeSignature/CodeResources ... 
2019-10-03 13:19:43 +0000  69137 bytes for ./_CodeSignature/CodeResources
2019-10-03 13:19:43 +0000  copying file ./Quicksand-Bold.ttf ... 
2019-10-03 13:19:43 +0000  107584 bytes for ./Quicksand-Bold.ttf
2019-10-03 13:19:43 +0000  copying file ./AppIcon60x60@2x.png ... 
2019-10-03 13:19:43 +0000  12137 bytes for ./AppIcon60x60@2x.png
2019-10-03 13:19:43 +0000  copying file ./OnDemandResources.plist ... 
2019-10-03 13:19:43 +0000  212 bytes for ./OnDemandResources.plist
copying file ./IQKeyboardManager.bundle/IQButtonBarArrowRight@2x.png ... 
2019-10-03 13:19:43 +0000  1786 bytes for ./IQKeyboardManager.bundle/IQButtonBarArrowRight@2x.png
2019-10-03 13:19:43 +0000  copying file ./IQKeyboardManager.bundle/IQButtonBarArrowUp@3x.png ... 
2019-10-03 13:19:43 +0000  2164 bytes for ./IQKeyboardManager.bundle/IQButtonBarArrowUp@3x.png
2019-10-03 13:19:43 +0000  copying file ./IQKeyboardManager.bundle/IQButtonBarArrowUp@2x.png ... 
2019-10-03 13:19:43 +0000  1769 bytes for ./IQKeyboardManager.bundle/IQButtonBarArrowUp@2x.png
copying file ./IQKeyboardManager.bundle/IQButtonBarArrowRight@3x.png ... 
2019-10-03 13:19:43 +0000  1844 bytes for ./IQKeyboardManager.bundle/IQButtonBarArrowRight@3x.png
2019-10-03 13:19:43 +0000  copying file ./IQKeyboardManager.bundle/IQButtonBarArrowLeft@3x.png ... 
2019-10-03 13:19:43 +0000  1815 bytes for ./IQKeyboardManager.bundle/IQButtonBarArrowLeft@3x.png
copying file ./IQKeyboardManager.bundle/IQButtonBarArrowDown@3x.png ... 
2019-10-03 13:19:43 +0000  2177 bytes for ./IQKeyboardManager.bundle/IQButtonBarArrowDown@3x.png
copying file ./IQKeyboardManager.bundle/IQButtonBarArrowDown@2x.png ... 
2019-10-03 13:19:43 +0000  1764 bytes for ./IQKeyboardManager.bundle/IQButtonBarArrowDown@2x.png
copying file ./IQKeyboardManager.bundle/IQButtonBarArrowLeft@2x.png ... 
2019-10-03 13:19:43 +0000  1793 bytes for ./IQKeyboardManager.bundle/IQButtonBarArrowLeft@2x.png
2019-10-03 13:19:43 +0000  copying file ./GTMOAuth2ViewTouch.nib ... 
2019-10-03 13:19:43 +0000  3654 bytes for ./GTMOAuth2ViewTouch.nib
copying file ./MediPac ... 
2019-10-03 13:19:43 +0000  3814416 bytes for ./MediPac
copying file ./Montserrat-Bold.ttf ... 
2019-10-03 13:19:43 +0000  29560 bytes for ./Montserrat-Bold.ttf
copying file ./GoogleService-Info.plist ... 
2019-10-03 13:19:43 +0000  312 bytes for ./GoogleService-Info.plist
2019-10-03 13:19:43 +0000  copying file ./FacebookSDKStrings.bundle/Resources/de.lproj/FacebookSDK.strings ... 
2019-10-03 13:19:43 +0000  5174 bytes for ./FacebookSDKStrings.bundle/Resources/de.lproj/FacebookSDK.strings
2019-10-03 13:19:43 +0000  copying file ./FacebookSDKStrings.bundle/Resources/he.lproj/FacebookSDK.strings ... 
2019-10-03 13:19:43 +0000  5282 bytes for ./FacebookSDKStrings.bundle/Resources/he.lproj/FacebookSDK.strings
2019-10-03 13:19:43 +0000  copying file ./FacebookSDKStrings.bundle/Resources/ar.lproj/FacebookSDK.strings ... 
2019-10-03 13:19:43 +0000  5603 bytes for ./FacebookSDKStrings.bundle/Resources/ar.lproj/FacebookSDK.strings
2019-10-03 13:19:43 +0000  copying file ./FacebookSDKStrings.bundle/Resources/el.lproj/FacebookSDK.strings ... 
2019-10-03 13:19:43 +0000  6162 bytes for ./FacebookSDKStrings.bundle/Resources/el.lproj/FacebookSDK.strings
2019-10-03 13:19:43 +0000  copying file ./FacebookSDKStrings.bundle/Resources/ja.lproj/FacebookSDK.strings ... 
2019-10-03 13:19:43 +0000  5419 bytes for ./FacebookSDKStrings.bundle/Resources/ja.lproj/FacebookSDK.strings
2019-10-03 13:19:43 +0000  copying file ./FacebookSDKStrings.bundle/Resources/mr.lproj/FacebookSDK.strings ... 
2019-10-03 13:19:43 +0000  6747 bytes for ./FacebookSDKStrings.bundle/Resources/mr.lproj/FacebookSDK.strings
2019-10-03 13:19:43 +0000  copying file ./FacebookSDKStrings.bundle/Resources/en.lproj/FacebookSDK.strings ... 
2019-10-03 13:19:43 +0000  9126 bytes for ./FacebookSDKStrings.bundle/Resources/en.lproj/FacebookSDK.strings
2019-10-03 13:19:43 +0000  copying file ./FacebookSDKStrings.bundle/Resources/gu.lproj/FacebookSDK.strings ... 
2019-10-03 13:19:43 +0000  6757 bytes for ./FacebookSDKStrings.bundle/Resources/gu.lproj/FacebookSDK.strings
2019-10-03 13:19:43 +0000  copying file ./FacebookSDKStrings.bundle/Resources/kn.lproj/FacebookSDK.strings ... 
2019-10-03 13:19:43 +0000  5977 bytes for ./FacebookSDKStrings.bundle/Resources/kn.lproj/FacebookSDK.strings
2019-10-03 13:19:43 +0000  copying file ./FacebookSDKStrings.bundle/Resources/nb.lproj/FacebookSDK.strings ... 
2019-10-03 13:19:43 +0000  4911 bytes for ./FacebookSDKStrings.bundle/Resources/nb.lproj/FacebookSDK.strings
2019-10-03 13:19:43 +0000  copying file ./FacebookSDKStrings.bundle/Resources/pa.lproj/FacebookSDK.strings ... 
2019-10-03 13:19:43 +0000  6874 bytes for ./FacebookSDKStrings.bundle/Resources/pa.lproj/FacebookSDK.strings
2019-10-03 13:19:43 +0000  copying file ./FacebookSDKStrings.bundle/Resources/es.lproj/FacebookSDK.strings ... 
2019-10-03 13:19:43 +0000  5110 bytes for ./FacebookSDKStrings.bundle/Resources/es.lproj/FacebookSDK.strings
2019-10-03 13:19:43 +0000  copying file ./FacebookSDKStrings.bundle/Resources/da.lproj/FacebookSDK.strings ... 
2019-10-03 13:19:43 +0000  4975 bytes for ./FacebookSDKStrings.bundle/Resources/da.lproj/FacebookSDK.strings
2019-10-03 13:19:43 +0000  copying file ./FacebookSDKStrings.bundle/Resources/it.lproj/FacebookSDK.strings ... 
2019-10-03 13:19:43 +0000  5016 bytes for ./FacebookSDKStrings.bundle/Resources/it.lproj/FacebookSDK.strings
2019-10-03 13:19:43 +0000  copying file ./FacebookSDKStrings.bundle/Resources/sk.lproj/FacebookSDK.strings ... 
2019-10-03 13:19:43 +0000  5130 bytes for ./FacebookSDKStrings.bundle/Resources/sk.lproj/FacebookSDK.strings
2019-10-03 13:19:43 +0000  copying file ./FacebookSDKStrings.bundle/Resources/pt_PT.lproj/FacebookSDK.strings ... 
2019-10-03 13:19:43 +0000  5139 bytes for ./FacebookSDKStrings.bundle/Resources/pt_PT.lproj/FacebookSDK.strings
2019-10-03 13:19:43 +0000  copying file ./FacebookSDKStrings.bundle/Resources/ms.lproj/FacebookSDK.strings ... 
2019-10-03 13:19:43 +0000  4990 bytes for ./FacebookSDKStrings.bundle/Resources/ms.lproj/FacebookSDK.strings
2019-10-03 13:19:43 +0000  copying file ./FacebookSDKStrings.bundle/Resources/ta.lproj/FacebookSDK.strings ... 
2019-10-03 13:19:43 +0000  7039 bytes for ./FacebookSDKStrings.bundle/Resources/ta.lproj/FacebookSDK.strings
2019-10-03 13:19:43 +0000  copying file ./FacebookSDKStrings.bundle/Resources/ml.lproj/FacebookSDK.strings ... 
2019-10-03 13:19:43 +0000  7388 bytes for ./FacebookSDKStrings.bundle/Resources/ml.lproj/FacebookSDK.strings
2019-10-03 13:19:43 +0000  copying file ./FacebookSDKStrings.bundle/Resources/sv.lproj/FacebookSDK.strings ... 
2019-10-03 13:19:43 +0000  4940 bytes for ./FacebookSDKStrings.bundle/Resources/sv.lproj/FacebookSDK.strings
2019-10-03 13:19:43 +0000  copying file ./FacebookSDKStrings.bundle/Resources/te.lproj/FacebookSDK.strings ... 
2019-10-03 13:19:43 +0000  7083 bytes for ./FacebookSDKStrings.bundle/Resources/te.lproj/FacebookSDK.strings
2019-10-03 13:19:43 +0000  copying file ./FacebookSDKStrings.bundle/Resources/cs.lproj/FacebookSDK.strings ... 
2019-10-03 13:19:43 +0000  5115 bytes for ./FacebookSDKStrings.bundle/Resources/cs.lproj/FacebookSDK.strings
2019-10-03 13:19:43 +0000  copying file ./FacebookSDKStrings.bundle/Resources/ko.lproj/FacebookSDK.strings ... 
2019-10-03 13:19:43 +0000  5137 bytes for ./FacebookSDKStrings.bundle/Resources/ko.lproj/FacebookSDK.strings
2019-10-03 13:19:43 +0000  copying file ./FacebookSDKStrings.bundle/Resources/fil.lproj/FacebookSDK.strings ... 
2019-10-03 13:19:43 +0000  5137 bytes for ./FacebookSDKStrings.bundle/Resources/fil.lproj/FacebookSDK.strings
2019-10-03 13:19:43 +0000  copying file ./FacebookSDKStrings.bundle/Resources/hu.lproj/FacebookSDK.strings ... 
2019-10-03 13:19:43 +0000  5233 bytes for ./FacebookSDKStrings.bundle/Resources/hu.lproj/FacebookSDK.strings
2019-10-03 13:19:43 +0000  copying file ./FacebookSDKStrings.bundle/Resources/tr.lproj/FacebookSDK.strings ... 
2019-10-03 13:19:43 +0000  5006 bytes for ./FacebookSDKStrings.bundle/Resources/tr.lproj/FacebookSDK.strings
2019-10-03 13:19:43 +0000  copying file ./FacebookSDKStrings.bundle/Resources/pl.lproj/FacebookSDK.strings ... 
2019-10-03 13:19:43 +0000  5086 bytes for ./FacebookSDKStrings.bundle/Resources/pl.lproj/FacebookSDK.strings
2019-10-03 13:19:43 +0000  copying file ./FacebookSDKStrings.bundle/Resources/en_GB.lproj/FacebookSDK.strings ... 
2019-10-03 13:19:43 +0000  4509 bytes for ./FacebookSDKStrings.bundle/Resources/en_GB.lproj/FacebookSDK.strings
2019-10-03 13:19:43 +0000  copying file ./FacebookSDKStrings.bundle/Resources/zh_Hant_TW.lproj/FacebookSDK.strings ... 
2019-10-03 13:19:43 +0000  4891 bytes for ./FacebookSDKStrings.bundle/Resources/zh_Hant_TW.lproj/FacebookSDK.strings
2019-10-03 13:19:43 +0000  copying file ./FacebookSDKStrings.bundle/Resources/vi.lproj/FacebookSDK.strings ... 
2019-10-03 13:19:43 +0000  5393 bytes for ./FacebookSDKStrings.bundle/Resources/vi.lproj/FacebookSDK.strings
2019-10-03 13:19:43 +0000  copying file ./FacebookSDKStrings.bundle/Resources/ru.lproj/FacebookSDK.strings ... 
2019-10-03 13:19:43 +0000  5711 bytes for ./FacebookSDKStrings.bundle/Resources/ru.lproj/FacebookSDK.strings
2019-10-03 13:19:43 +0000  copying file ./FacebookSDKStrings.bundle/Resources/zh_Hant_HK.lproj/FacebookSDK.strings ... 
2019-10-03 13:19:43 +0000  4853 bytes for ./FacebookSDKStrings.bundle/Resources/zh_Hant_HK.lproj/FacebookSDK.strings
2019-10-03 13:19:43 +0000  copying file ./FacebookSDKStrings.bundle/Resources/af.lproj/FacebookSDK.strings ... 
2019-10-03 13:19:43 +0000  5014 bytes for ./FacebookSDKStrings.bundle/Resources/af.lproj/FacebookSDK.strings
2019-10-03 13:19:43 +0000  copying file ./FacebookSDKStrings.bundle/Resources/es_ES.lproj/FacebookSDK.strings ... 
2019-10-03 13:19:43 +0000  5128 bytes for ./FacebookSDKStrings.bundle/Resources/es_ES.lproj/FacebookSDK.strings
2019-10-03 13:19:43 +0000  copying file ./FacebookSDKStrings.bundle/Resources/fr.lproj/FacebookSDK.strings ... 
2019-10-03 13:19:43 +0000  5228 bytes for ./FacebookSDKStrings.bundle/Resources/fr.lproj/FacebookSDK.strings
2019-10-03 13:19:43 +0000  copying file ./FacebookSDKStrings.bundle/Resources/fi.lproj/FacebookSDK.strings ... 
2019-10-03 13:19:43 +0000  5096 bytes for ./FacebookSDKStrings.bundle/Resources/fi.lproj/FacebookSDK.strings
2019-10-03 13:19:43 +0000  copying file ./FacebookSDKStrings.bundle/Resources/id.lproj/FacebookSDK.strings ... 
2019-10-03 13:19:43 +0000  4932 bytes for ./FacebookSDKStrings.bundle/Resources/id.lproj/FacebookSDK.strings
2019-10-03 13:19:43 +0000  copying file ./FacebookSDKStrings.bundle/Resources/nl.lproj/FacebookSDK.strings ... 
2019-10-03 13:19:43 +0000  5014 bytes for ./FacebookSDKStrings.bundle/Resources/nl.lproj/FacebookSDK.strings
2019-10-03 13:19:43 +0000  copying file ./FacebookSDKStrings.bundle/Resources/th.lproj/FacebookSDK.strings ... 
2019-10-03 13:19:43 +0000  6758 bytes for ./FacebookSDKStrings.bundle/Resources/th.lproj/FacebookSDK.strings
2019-10-03 13:19:43 +0000  copying file ./FacebookSDKStrings.bundle/Resources/pt.lproj/FacebookSDK.strings ... 
2019-10-03 13:19:43 +0000  5043 bytes for ./FacebookSDKStrings.bundle/Resources/pt.lproj/FacebookSDK.strings
2019-10-03 13:19:43 +0000  copying file ./FacebookSDKStrings.bundle/Resources/bn.lproj/FacebookSDK.strings ... 
2019-10-03 13:19:43 +0000  7025 bytes for ./FacebookSDKStrings.bundle/Resources/bn.lproj/FacebookSDK.strings
2019-10-03 13:19:43 +0000  copying file ./FacebookSDKStrings.bundle/Resources/hr.lproj/FacebookSDK.strings ... 
2019-10-03 13:19:43 +0000  4978 bytes for ./FacebookSDKStrings.bundle/Resources/hr.lproj/FacebookSDK.strings
2019-10-03 13:19:43 +0000  copying file ./FacebookSDKStrings.bundle/Resources/hi.lproj/FacebookSDK.strings ... 
2019-10-03 13:19:43 +0000  6785 bytes for ./FacebookSDKStrings.bundle/Resources/hi.lproj/FacebookSDK.strings
2019-10-03 13:19:43 +0000  copying file ./FacebookSDKStrings.bundle/Resources/zh.lproj/FacebookSDK.strings ... 
2019-10-03 13:19:43 +0000  4833 bytes for ./FacebookSDKStrings.bundle/Resources/zh.lproj/FacebookSDK.strings
2019-10-03 13:19:43 +0000  copying file ./Quicksand-Medium.ttf ... 
2019-10-03 13:19:43 +0000  106468 bytes for ./Quicksand-Medium.ttf
2019-10-03 13:19:43 +0000  copying file ./Assets.bundle/Assets/YTPlayerView-iframe-player.html ... 
2019-10-03 13:19:43 +0000  2763 bytes for ./Assets.bundle/Assets/YTPlayerView-iframe-player.html
2019-10-03 13:19:43 +0000  copying file ./Base.lproj/Main.storyboardc/PurchasesVC.nib ... 
2019-10-03 13:19:43 +0000  942 bytes for ./Base.lproj/Main.storyboardc/PurchasesVC.nib
2019-10-03 13:19:43 +0000  copying file ./Base.lproj/Main.storyboardc/IdW-6Z-DxH-view-55L-YW-hpE.nib ... 
2019-10-03 13:19:43 +0000  2263 bytes for ./Base.lproj/Main.storyboardc/IdW-6Z-DxH-view-55L-YW-hpE.nib
copying file ./Base.lproj/Main.storyboardc/BcS-or-KwC-view-kCr-as-jB6.nib ... 
2019-10-03 13:19:43 +0000  7753 bytes for ./Base.lproj/Main.storyboardc/BcS-or-KwC-view-kCr-as-jB6.nib
2019-10-03 13:19:43 +0000  copying file ./Base.lproj/Main.storyboardc/1__#$!@%!#__insuranceQuoteResultsVC.nib ... 
2019-10-03 13:19:43 +0000  920 bytes for ./Base.lproj/Main.storyboardc/1__#$!@%!#__insuranceQuoteResultsVC.nib
2019-10-03 13:19:43 +0000  copying file ./Base.lproj/Main.storyboardc/Trip6VC.nib ... 
2019-10-03 13:19:43 +0000  986 bytes for ./Base.lproj/Main.storyboardc/Trip6VC.nib
copying file ./Base.lproj/Main.storyboardc/ViewDetailsViewController.nib ... 
2019-10-03 13:19:43 +0000  1034 bytes for ./Base.lproj/Main.storyboardc/ViewDetailsViewController.nib
2019-10-03 13:19:43 +0000  copying file ./Base.lproj/Main.storyboardc/zvL-Vk-tmf-view-n3r-m5-fZ5.nib ... 
2019-10-03 13:19:43 +0000  3607 bytes for ./Base.lproj/Main.storyboardc/zvL-Vk-tmf-view-n3r-m5-fZ5.nib
2019-10-03 13:19:43 +0000  copying file ./Base.lproj/Main.storyboardc/hZ2-tQ-URA-view-Q4C-uN-E6Z.nib ... 
2019-10-03 13:19:43 +0000  4869 bytes for ./Base.lproj/Main.storyboardc/hZ2-tQ-URA-view-Q4C-uN-E6Z.nib
2019-10-03 13:19:43 +0000  copying file ./Base.lproj/Main.storyboardc/RWj-u7-7vL-view-w3U-X8-lZc.nib ... 
2019-10-03 13:19:43 +0000  5993 bytes for ./Base.lproj/Main.storyboardc/RWj-u7-7vL-view-w3U-X8-lZc.nib
2019-10-03 13:19:43 +0000  copying file ./Base.lproj/Main.storyboardc/Y48-eg-DVY-view-SmQ-Q9-IEf.nib ... 
2019-10-03 13:19:43 +0000  15222 bytes for ./Base.lproj/Main.storyboardc/Y48-eg-DVY-view-SmQ-Q9-IEf.nib
2019-10-03 13:19:43 +0000  copying file ./Base.lproj/Main.storyboardc/InsurancePlanVC.nib ... 
2019-10-03 13:19:43 +0000  994 bytes for ./Base.lproj/Main.storyboardc/InsurancePlanVC.nib
2019-10-03 13:19:43 +0000  copying file ./Base.lproj/Main.storyboardc/Ihz-rC-SDg-view-Wxr-Th-082.nib ... 
2019-10-03 13:19:43 +0000  27184 bytes for ./Base.lproj/Main.storyboardc/Ihz-rC-SDg-view-Wxr-Th-082.nib
copying file ./Base.lproj/Main.storyboardc/z33-tS-ULb-view-qas-0F-Dj5.nib ... 
2019-10-03 13:19:43 +0000  2927 bytes for ./Base.lproj/Main.storyboardc/z33-tS-ULb-view-qas-0F-Dj5.nib
2019-10-03 13:19:43 +0000  copying file ./Base.lproj/Main.storyboardc/PConfirmC.nib ... 
2019-10-03 13:19:43 +0000  940 bytes for ./Base.lproj/Main.storyboardc/PConfirmC.nib
copying file ./Base.lproj/Main.storyboardc/DiscountViewController.nib ... 
2019-10-03 13:19:43 +0000  983 bytes for ./Base.lproj/Main.storyboardc/DiscountViewController.nib
2019-10-03 13:19:43 +0000  copying file ./Base.lproj/Main.storyboardc/StoreQuotationVC.nib ... 
2019-10-03 13:19:43 +0000  995 bytes for ./Base.lproj/Main.storyboardc/StoreQuotationVC.nib
2019-10-03 13:19:43 +0000  copying file ./Base.lproj/Main.storyboardc/OgB-I3-m3Q-view-DEj-VI-WLG.nib ... 
2019-10-03 13:19:43 +0000  28059 bytes for ./Base.lproj/Main.storyboardc/OgB-I3-m3Q-view-DEj-VI-WLG.nib
copying file ./Base.lproj/Main.storyboardc/QCr-6F-POl-view-1qa-LX-u3f.nib ... 
2019-10-03 13:19:43 +0000  2933 bytes for ./Base.lproj/Main.storyboardc/QCr-6F-POl-view-1qa-LX-u3f.nib
2019-10-03 13:19:43 +0000  copying file ./Base.lproj/Main.storyboardc/Eu9-RE-Id5-view-DOa-X1-03x.nib ... 
2019-10-03 13:19:43 +0000  15367 bytes for ./Base.lproj/Main.storyboardc/Eu9-RE-Id5-view-DOa-X1-03x.nib
2019-10-03 13:19:43 +0000  copying file ./Base.lproj/Main.storyboardc/ContactUsVC.nib ... 
2019-10-03 13:19:43 +0000  1035 bytes for ./Base.lproj/Main.storyboardc/ContactUsVC.nib
copying file ./Base.lproj/Main.storyboardc/R7y-xQ-Xsq-view-ABW-aX-O5Q.nib ... 
2019-10-03 13:19:43 +0000  3341 bytes for ./Base.lproj/Main.storyboardc/R7y-xQ-Xsq-view-ABW-aX-O5Q.nib
2019-10-03 13:19:43 +0000  copying file ./Base.lproj/Main.storyboardc/EmailSentVC.nib ... 
2019-10-03 13:19:43 +0000  990 bytes for ./Base.lproj/Main.storyboardc/EmailSentVC.nib
copying file ./Base.lproj/Main.storyboardc/d5E-5w-bTA-view-og9-Gu-den.nib ... 
2019-10-03 13:19:43 +0000  15467 bytes for ./Base.lproj/Main.storyboardc/d5E-5w-bTA-view-og9-Gu-den.nib
2019-10-03 13:19:43 +0000  copying file ./Base.lproj/Main.storyboardc/pdd-wT-uTt-view-e2T-qh-EQN.nib ... 
2019-10-03 13:19:43 +0000  27595 bytes for ./Base.lproj/Main.storyboardc/pdd-wT-uTt-view-e2T-qh-EQN.nib
copying file ./Base.lproj/Main.storyboardc/DfO-tc-pGz-view-cBD-Uz-Ia5.nib ... 
2019-10-03 13:19:43 +0000  14532 bytes for ./Base.lproj/Main.storyboardc/DfO-tc-pGz-view-cBD-Uz-Ia5.nib
2019-10-03 13:19:43 +0000  copying file ./Base.lproj/Main.storyboardc/ForgotPswrdVC.nib ... 
2019-10-03 13:19:43 +0000  992 bytes for ./Base.lproj/Main.storyboardc/ForgotPswrdVC.nib
2019-10-03 13:19:43 +0000  copying file ./Base.lproj/Main.storyboardc/AddressProfileVC.nib ... 
2019-10-03 13:19:43 +0000  1040 bytes for ./Base.lproj/Main.storyboardc/AddressProfileVC.nib
copying file ./Base.lproj/Main.storyboardc/6dO-KG-mH8-view-FSo-Yk-Gda.nib ... 
2019-10-03 13:19:43 +0000  12776 bytes for ./Base.lproj/Main.storyboardc/6dO-KG-mH8-view-FSo-Yk-Gda.nib
2019-10-03 13:19:43 +0000  copying file ./Base.lproj/Main.storyboardc/Trip7VC.nib ... 
2019-10-03 13:19:43 +0000  11489 bytes for ./Base.lproj/Main.storyboardc/Trip7VC.nib
copying file ./Base.lproj/Main.storyboardc/GKT-51-hcG-view-lHm-8c-4u2.nib ... 
2019-10-03 13:19:43 +0000  16998 bytes for ./Base.lproj/Main.storyboardc/GKT-51-hcG-view-lHm-8c-4u2.nib
2019-10-03 13:19:43 +0000  copying file ./Base.lproj/Main.storyboardc/BuyInsuranceVC.nib ... 
2019-10-03 13:19:43 +0000  1038 bytes for ./Base.lproj/Main.storyboardc/BuyInsuranceVC.nib
2019-10-03 13:19:43 +0000  copying file ./Base.lproj/Main.storyboardc/InsuranceQuoteVC.nib ... 
2019-10-03 13:19:43 +0000  1040 bytes for ./Base.lproj/Main.storyboardc/InsuranceQuoteVC.nib
copying file ./Base.lproj/Main.storyboardc/brM-35-yuc-view-g7w-ak-RVt.nib ... 
2019-10-03 13:19:43 +0000  25805 bytes for ./Base.lproj/Main.storyboardc/brM-35-yuc-view-g7w-ak-RVt.nib
2019-10-03 13:19:43 +0000  copying file ./Base.lproj/Main.storyboardc/SingleTripPlanVC.nib ... 
2019-10-03 13:19:43 +0000  6613 bytes for ./Base.lproj/Main.storyboardc/SingleTripPlanVC.nib
2019-10-03 13:19:43 +0000  copying file ./Base.lproj/Main.storyboardc/VKO-zF-EDS-view-kb7-qt-K6H.nib ... 
2019-10-03 13:19:43 +0000  1149 bytes for ./Base.lproj/Main.storyboardc/VKO-zF-EDS-view-kb7-qt-K6H.nib
copying file ./Base.lproj/Main.storyboardc/ViewController.nib ... 
2019-10-03 13:19:43 +0000  1071 bytes for ./Base.lproj/Main.storyboardc/ViewController.nib
2019-10-03 13:19:43 +0000  copying file ./Base.lproj/Main.storyboardc/PaymentVC.nib ... 
2019-10-03 13:19:43 +0000  988 bytes for ./Base.lproj/Main.storyboardc/PaymentVC.nib
copying file ./Base.lproj/Main.storyboardc/kaJ-Rv-Si6-view-zZ3-To-3Lg.nib ... 
2019-10-03 13:19:43 +0000  22131 bytes for ./Base.lproj/Main.storyboardc/kaJ-Rv-Si6-view-zZ3-To-3Lg.nib
copying file ./Base.lproj/Main.storyboardc/SignUpVC.nib ... 
2019-10-03 13:19:43 +0000  2649 bytes for ./Base.lproj/Main.storyboardc/SignUpVC.nib
copying file ./Base.lproj/Main.storyboardc/ChoosePasswordVC.nib ... 
2019-10-03 13:19:43 +0000  995 bytes for ./Base.lproj/Main.storyboardc/ChoosePasswordVC.nib
2019-10-03 13:19:43 +0000  copying file ./Base.lproj/Main.storyboardc/SearchAnyAddressViewController.nib ... 
2019-10-03 13:19:43 +0000  1087 bytes for ./Base.lproj/Main.storyboardc/SearchAnyAddressViewController.nib
2019-10-03 13:19:43 +0000  copying file ./Base.lproj/Main.storyboardc/6uR-Fw-V2a-view-KFu-z1-US6.nib ... 
2019-10-03 13:19:43 +0000  2934 bytes for ./Base.lproj/Main.storyboardc/6uR-Fw-V2a-view-KFu-z1-US6.nib
2019-10-03 13:19:43 +0000  copying file ./Base.lproj/Main.storyboardc/LeftMenuVC.nib ... 
2019-10-03 13:19:43 +0000  989 bytes for ./Base.lproj/Main.storyboardc/LeftMenuVC.nib
copying file ./Base.lproj/Main.storyboardc/u9w-GM-2Bq-view-F2H-VK-xRk.nib ... 
2019-10-03 13:19:43 +0000  26878 bytes for ./Base.lproj/Main.storyboardc/u9w-GM-2Bq-view-F2H-VK-xRk.nib
2019-10-03 13:19:43 +0000  copying file ./Base.lproj/Main.storyboardc/SingleTripPlanVC3.nib ... 
2019-10-03 13:19:43 +0000  996 bytes for ./Base.lproj/Main.storyboardc/SingleTripPlanVC3.nib
copying file ./Base.lproj/Main.storyboardc/SingleTripPlan4VC.nib ... 
2019-10-03 13:19:43 +0000  996 bytes for ./Base.lproj/Main.storyboardc/SingleTripPlan4VC.nib
2019-10-03 13:19:43 +0000  copying file ./Base.lproj/Main.storyboardc/SingleTripPlanVC2.nib ... 
2019-10-03 13:19:43 +0000  996 bytes for ./Base.lproj/Main.storyboardc/SingleTripPlanVC2.nib
copying file ./Base.lproj/Main.storyboardc/BYZ-38-t0r-view-8bC-Xf-vdC.nib ... 
2019-10-03 13:19:43 +0000  3129 bytes for ./Base.lproj/Main.storyboardc/BYZ-38-t0r-view-8bC-Xf-vdC.nib
copying file ./Base.lproj/Main.storyboardc/jOx-4J-0rP-view-nUt-8S-ovR.nib ... 
2019-10-03 13:19:43 +0000  3050 bytes for ./Base.lproj/Main.storyboardc/jOx-4J-0rP-view-nUt-8S-ovR.nib
2019-10-03 13:19:43 +0000  copying file ./Base.lproj/Main.storyboardc/ProfileVC.nib ... 
2019-10-03 13:19:43 +0000  6576 bytes for ./Base.lproj/Main.storyboardc/ProfileVC.nib
copying file ./Base.lproj/Main.storyboardc/2gF-rp-qp9-view-HjC-Ib-x6h.nib ... 
2019-10-03 13:19:43 +0000  1425 bytes for ./Base.lproj/Main.storyboardc/2gF-rp-qp9-view-HjC-Ib-x6h.nib
2019-10-03 13:19:43 +0000  copying file ./Base.lproj/Main.storyboardc/lYb-nU-Qe0-view-Mtn-Y4-hN5.nib ... 
2019-10-03 13:19:43 +0000  3742 bytes for ./Base.lproj/Main.storyboardc/lYb-nU-Qe0-view-Mtn-Y4-hN5.nib
copying file ./Base.lproj/Main.storyboardc/ck4-Ch-zHK-view-zyt-Jm-laL.nib ... 
2019-10-03 13:19:43 +0000  7633 bytes for ./Base.lproj/Main.storyboardc/ck4-Ch-zHK-view-zyt-Jm-laL.nib
2019-10-03 13:19:43 +0000  copying file ./Base.lproj/Main.storyboardc/9SP-cC-Hqx-view-kBg-J6-Qy2.nib ... 
2019-10-03 13:19:43 +0000  2415 bytes for ./Base.lproj/Main.storyboardc/9SP-cC-Hqx-view-kBg-J6-Qy2.nib
copying file ./Base.lproj/Main.storyboardc/TermsVC.nib ... 
2019-10-03 13:19:43 +0000  1031 bytes for ./Base.lproj/Main.storyboardc/TermsVC.nib
2019-10-03 13:19:43 +0000  copying file ./Base.lproj/Main.storyboardc/HomeVC.nib ... 
2019-10-03 13:19:43 +0000  1030 bytes for ./Base.lproj/Main.storyboardc/HomeVC.nib
copying file ./Base.lproj/Main.storyboardc/FamilyProfileVC.nib ... 
2019-10-03 13:19:43 +0000  994 bytes for ./Base.lproj/Main.storyboardc/FamilyProfileVC.nib
2019-10-03 13:19:43 +0000  copying file ./Base.lproj/Main.storyboardc/dMx-6P-OiS-view-SjB-Mc-1hF.nib ... 
2019-10-03 13:19:43 +0000  5073 bytes for ./Base.lproj/Main.storyboardc/dMx-6P-OiS-view-SjB-Mc-1hF.nib
2019-10-03 13:19:43 +0000  copying file ./Base.lproj/Main.storyboardc/AuK-Te-bT4-view-OEL-hA-mnp.nib ... 
2019-10-03 13:19:43 +0000  7660 bytes for ./Base.lproj/Main.storyboardc/AuK-Te-bT4-view-OEL-hA-mnp.nib
2019-10-03 13:19:43 +0000  copying file ./Base.lproj/Main.storyboardc/Trip1ScreenViewController.nib ... 
2019-10-03 13:19:43 +0000  6721 bytes for ./Base.lproj/Main.storyboardc/Trip1ScreenViewController.nib
2019-10-03 13:19:43 +0000  copying file ./Base.lproj/Main.storyboardc/7I4-1M-G1v-view-R17-E3-UMC.nib ... 
2019-10-03 13:19:43 +0000  12487 bytes for ./Base.lproj/Main.storyboardc/7I4-1M-G1v-view-R17-E3-UMC.nib
copying file ./Base.lproj/Main.storyboardc/4h7-k5-5Ug-view-Z55-kn-Mvv.nib ... 
2019-10-03 13:19:43 +0000  8552 bytes for ./Base.lproj/Main.storyboardc/4h7-k5-5Ug-view-Z55-kn-Mvv.nib
2019-10-03 13:19:43 +0000  copying file ./Base.lproj/Main.storyboardc/ClaimsVC.nib ... 
2019-10-03 13:19:43 +0000  4076 bytes for ./Base.lproj/Main.storyboardc/ClaimsVC.nib
copying file ./Base.lproj/Main.storyboardc/xmv-CO-bGj-view-LNH-aO-2G3.nib ... 
2019-10-03 13:19:43 +0000  6163 bytes for ./Base.lproj/Main.storyboardc/xmv-CO-bGj-view-LNH-aO-2G3.nib
2019-10-03 13:19:43 +0000  copying file ./Base.lproj/Main.storyboardc/Whi-6m-atV-view-3gX-Sx-fJG.nib ... 
2019-10-03 13:19:43 +0000  15670 bytes for ./Base.lproj/Main.storyboardc/Whi-6m-atV-view-3gX-Sx-fJG.nib
2019-10-03 13:19:43 +0000  copying file ./Base.lproj/Main.storyboardc/InsuranceQuoteResultsVC.nib ... 
2019-10-03 13:19:43 +0000  1002 bytes for ./Base.lproj/Main.storyboardc/InsuranceQuoteResultsVC.nib
2019-10-03 13:19:43 +0000  copying file ./Base.lproj/Main.storyboardc/ZqS-1I-ozh-view-y6R-p1-cdo.nib ... 
2019-10-03 13:19:43 +0000  11581 bytes for ./Base.lproj/Main.storyboardc/ZqS-1I-ozh-view-y6R-p1-cdo.nib
copying file ./Base.lproj/Main.storyboardc/EmailAddressVC.nib ... 
2019-10-03 13:19:43 +0000  993 bytes for ./Base.lproj/Main.storyboardc/EmailAddressVC.nib
2019-10-03 13:19:43 +0000  copying file ./Base.lproj/Main.storyboardc/K5S-9T-ENy-view-X6q-Hr-GrA.nib ... 
2019-10-03 13:19:43 +0000  2949 bytes for ./Base.lproj/Main.storyboardc/K5S-9T-ENy-view-X6q-Hr-GrA.nib
copying file ./Base.lproj/Main.storyboardc/Info.plist ... 
2019-10-03 13:19:43 +0000  1745 bytes for ./Base.lproj/Main.storyboardc/Info.plist
2019-10-03 13:19:43 +0000  copying file ./Base.lproj/Main.storyboardc/UINavigationController-nMS-MJ-DCC.nib ... 
2019-10-03 13:19:43 +0000  1692 bytes for ./Base.lproj/Main.storyboardc/UINavigationController-nMS-MJ-DCC.nib
copying file ./Base.lproj/Main.storyboardc/H1G-VI-E1S-view-fRZ-1X-kKd.nib ... 
2019-10-03 13:19:43 +0000  21754 bytes for ./Base.lproj/Main.storyboardc/H1G-VI-E1S-view-fRZ-1X-kKd.nib
2019-10-03 13:19:43 +0000  copying file ./Base.lproj/Main.storyboardc/LNN-uc-bWe-view-0Ob-nV-qjP.nib ... 
2019-10-03 13:19:43 +0000  15427 bytes for ./Base.lproj/Main.storyboardc/LNN-uc-bWe-view-0Ob-nV-qjP.nib
2019-10-03 13:19:43 +0000  copying file ./Base.lproj/Main.storyboardc/LoginVC.nib ... 
2019-10-03 13:19:43 +0000  1064 bytes for ./Base.lproj/Main.storyboardc/LoginVC.nib
2019-10-03 13:19:43 +0000  copying file ./Base.lproj/Main.storyboardc/VideosVC.nib ... 
2019-10-03 13:19:43 +0000  2952 bytes for ./Base.lproj/Main.storyboardc/VideosVC.nib
copying file ./Base.lproj/Main.storyboardc/SingleTripPlan5VC.nib ... 
2019-10-03 13:19:43 +0000  9871 bytes for ./Base.lproj/Main.storyboardc/SingleTripPlan5VC.nib
2019-10-03 13:19:43 +0000  copying file ./Base.lproj/Main.storyboardc/AddFamilyViewController.nib ... 
2019-10-03 13:19:43 +0000  1002 bytes for ./Base.lproj/Main.storyboardc/AddFamilyViewController.nib
copying file ./Base.lproj/Main.storyboardc/AboutUsVC.nib ... 
2019-10-03 13:19:43 +0000  1033 bytes for ./Base.lproj/Main.storyboardc/AboutUsVC.nib
2019-10-03 13:19:43 +0000  copying file ./Base.lproj/LaunchScreen.storyboardc/01J-lp-oVM-view-Ze5-6b-2t3.nib ... 
2019-10-03 13:19:43 +0000  1790 bytes for ./Base.lproj/LaunchScreen.storyboardc/01J-lp-oVM-view-Ze5-6b-2t3.nib
2019-10-03 13:19:43 +0000  copying file ./Base.lproj/LaunchScreen.storyboardc/UIViewController-01J-lp-oVM.nib ... 
2019-10-03 13:19:43 +0000  832 bytes for ./Base.lproj/LaunchScreen.storyboardc/UIViewController-01J-lp-oVM.nib
copying file ./Base.lproj/LaunchScreen.storyboardc/Info.plist ... 
2019-10-03 13:19:43 +0000  258 bytes for ./Base.lproj/LaunchScreen.storyboardc/Info.plist
2019-10-03 13:19:43 +0000  copying file ./GoogleSignIn.bundle/de.lproj/GoogleSignIn.strings ... 
2019-10-03 13:19:43 +0000  723 bytes for ./GoogleSignIn.bundle/de.lproj/GoogleSignIn.strings
2019-10-03 13:19:43 +0000  copying file ./GoogleSignIn.bundle/he.lproj/GoogleSignIn.strings ... 
2019-10-03 13:19:43 +0000  748 bytes for ./GoogleSignIn.bundle/he.lproj/GoogleSignIn.strings
2019-10-03 13:19:43 +0000  copying file ./GoogleSignIn.bundle/ar.lproj/GoogleSignIn.strings ... 
2019-10-03 13:19:43 +0000  823 bytes for ./GoogleSignIn.bundle/ar.lproj/GoogleSignIn.strings
2019-10-03 13:19:43 +0000  copying file ./GoogleSignIn.bundle/el.lproj/GoogleSignIn.strings ... 
2019-10-03 13:19:43 +0000  871 bytes for ./GoogleSignIn.bundle/el.lproj/GoogleSignIn.strings
2019-10-03 13:19:43 +0000  copying file ./GoogleSignIn.bundle/ja.lproj/GoogleSignIn.strings ... 
2019-10-03 13:19:43 +0000  765 bytes for ./GoogleSignIn.bundle/ja.lproj/GoogleSignIn.strings
2019-10-03 13:19:43 +0000  copying file ./GoogleSignIn.bundle/en.lproj/GoogleSignIn.strings ... 
2019-10-03 13:19:43 +0000  658 bytes for ./GoogleSignIn.bundle/en.lproj/GoogleSignIn.strings
2019-10-03 13:19:43 +0000  copying file ./GoogleSignIn.bundle/uk.lproj/GoogleSignIn.strings ... 
2019-10-03 13:19:43 +0000  874 bytes for ./GoogleSignIn.bundle/uk.lproj/GoogleSignIn.strings
2019-10-03 13:19:43 +0000  copying file ./GoogleSignIn.bundle/es_MX.lproj/GoogleSignIn.strings ... 
2019-10-03 13:19:43 +0000  665 bytes for ./GoogleSignIn.bundle/es_MX.lproj/GoogleSignIn.strings
2019-10-03 13:19:43 +0000  copying file ./GoogleSignIn.bundle/zh_CN.lproj/GoogleSignIn.strings ... 
2019-10-03 13:19:43 +0000  702 bytes for ./GoogleSignIn.bundle/zh_CN.lproj/GoogleSignIn.strings
2019-10-03 13:19:43 +0000  copying file ./GoogleSignIn.bundle/nb.lproj/GoogleSignIn.strings ... 
2019-10-03 13:19:43 +0000  670 bytes for ./GoogleSignIn.bundle/nb.lproj/GoogleSignIn.strings
2019-10-03 13:19:43 +0000  copying file ./GoogleSignIn.bundle/es.lproj/GoogleSignIn.strings ... 
2019-10-03 13:19:43 +0000  724 bytes for ./GoogleSignIn.bundle/es.lproj/GoogleSignIn.strings
2019-10-03 13:19:43 +0000  copying file ./GoogleSignIn.bundle/pt_BR.lproj/GoogleSignIn.strings ... 
2019-10-03 13:19:43 +0000  717 bytes for ./GoogleSignIn.bundle/pt_BR.lproj/GoogleSignIn.strings
2019-10-03 13:19:43 +0000  copying file ./GoogleSignIn.bundle/da.lproj/GoogleSignIn.strings ... 
2019-10-03 13:19:43 +0000  670 bytes for ./GoogleSignIn.bundle/da.lproj/GoogleSignIn.strings
2019-10-03 13:19:43 +0000  copying file ./GoogleSignIn.bundle/it.lproj/GoogleSignIn.strings ... 
2019-10-03 13:19:43 +0000  671 bytes for ./GoogleSignIn.bundle/it.lproj/GoogleSignIn.strings
2019-10-03 13:19:43 +0000  copying file ./GoogleSignIn.bundle/sk.lproj/GoogleSignIn.strings ... 
2019-10-03 13:19:43 +0000  753 bytes for ./GoogleSignIn.bundle/sk.lproj/GoogleSignIn.strings
2019-10-03 13:19:43 +0000  copying file ./GoogleSignIn.bundle/pt_PT.lproj/GoogleSignIn.strings ... 
2019-10-03 13:19:43 +0000  725 bytes for ./GoogleSignIn.bundle/pt_PT.lproj/GoogleSignIn.strings
2019-10-03 13:19:43 +0000  copying file ./GoogleSignIn.bundle/google@3x.png ... 
2019-10-03 13:19:43 +0000  1622 bytes for ./GoogleSignIn.bundle/google@3x.png
2019-10-03 13:19:43 +0000  copying file ./GoogleSignIn.bundle/ms.lproj/GoogleSignIn.strings ... 
2019-10-03 13:19:43 +0000  687 bytes for ./GoogleSignIn.bundle/ms.lproj/GoogleSignIn.strings
2019-10-03 13:19:43 +0000  copying file ./GoogleSignIn.bundle/sv.lproj/GoogleSignIn.strings ... 
2019-10-03 13:19:43 +0000  687 bytes for ./GoogleSignIn.bundle/sv.lproj/GoogleSignIn.strings
2019-10-03 13:19:43 +0000  copying file ./GoogleSignIn.bundle/cs.lproj/GoogleSignIn.strings ... 
2019-10-03 13:19:43 +0000  735 bytes for ./GoogleSignIn.bundle/cs.lproj/GoogleSignIn.strings
2019-10-03 13:19:43 +0000  copying file ./GoogleSignIn.bundle/google@2x.png ... 
2019-10-03 13:19:43 +0000  987 bytes for ./GoogleSignIn.bundle/google@2x.png
2019-10-03 13:19:43 +0000  copying file ./GoogleSignIn.bundle/ko.lproj/GoogleSignIn.strings ... 
2019-10-03 13:19:43 +0000  719 bytes for ./GoogleSignIn.bundle/ko.lproj/GoogleSignIn.strings
2019-10-03 13:19:43 +0000  copying file ./GoogleSignIn.bundle/hu.lproj/GoogleSignIn.strings ... 
2019-10-03 13:19:43 +0000  748 bytes for ./GoogleSignIn.bundle/hu.lproj/GoogleSignIn.strings
2019-10-03 13:19:43 +0000  copying file ./GoogleSignIn.bundle/tr.lproj/GoogleSignIn.strings ... 
2019-10-03 13:19:43 +0000  695 bytes for ./GoogleSignIn.bundle/tr.lproj/GoogleSignIn.strings
2019-10-03 13:19:43 +0000  copying file ./GoogleSignIn.bundle/pl.lproj/GoogleSignIn.strings ... 
2019-10-03 13:19:43 +0000  697 bytes for ./GoogleSignIn.bundle/pl.lproj/GoogleSignIn.strings
2019-10-03 13:19:43 +0000  copying file ./GoogleSignIn.bundle/zh_TW.lproj/GoogleSignIn.strings ... 
2019-10-03 13:19:43 +0000  674 bytes for ./GoogleSignIn.bundle/zh_TW.lproj/GoogleSignIn.strings
2019-10-03 13:19:43 +0000  copying file ./GoogleSignIn.bundle/en_GB.lproj/GoogleSignIn.strings ... 
2019-10-03 13:19:43 +0000  658 bytes for ./GoogleSignIn.bundle/en_GB.lproj/GoogleSignIn.strings
2019-10-03 13:19:43 +0000  copying file ./GoogleSignIn.bundle/vi.lproj/GoogleSignIn.strings ... 
2019-10-03 13:19:43 +0000  743 bytes for ./GoogleSignIn.bundle/vi.lproj/GoogleSignIn.strings
2019-10-03 13:19:43 +0000  copying file ./GoogleSignIn.bundle/ru.lproj/GoogleSignIn.strings ... 
2019-10-03 13:19:43 +0000  844 bytes for ./GoogleSignIn.bundle/ru.lproj/GoogleSignIn.strings
2019-10-03 13:19:43 +0000  copying file ./GoogleSignIn.bundle/fr.lproj/GoogleSignIn.strings ... 
2019-10-03 13:19:43 +0000  728 bytes for ./GoogleSignIn.bundle/fr.lproj/GoogleSignIn.strings
2019-10-03 13:19:43 +0000  copying file ./GoogleSignIn.bundle/fi.lproj/GoogleSignIn.strings ... 
2019-10-03 13:19:43 +0000  709 bytes for ./GoogleSignIn.bundle/fi.lproj/GoogleSignIn.strings
2019-10-03 13:19:43 +0000  copying file ./GoogleSignIn.bundle/id.lproj/GoogleSignIn.strings ... 
2019-10-03 13:19:43 +0000  654 bytes for ./GoogleSignIn.bundle/id.lproj/GoogleSignIn.strings
2019-10-03 13:19:43 +0000  copying file ./GoogleSignIn.bundle/nl.lproj/GoogleSignIn.strings ... 
2019-10-03 13:19:43 +0000  683 bytes for ./GoogleSignIn.bundle/nl.lproj/GoogleSignIn.strings
2019-10-03 13:19:43 +0000  copying file ./GoogleSignIn.bundle/th.lproj/GoogleSignIn.strings ... 
2019-10-03 13:19:43 +0000  934 bytes for ./GoogleSignIn.bundle/th.lproj/GoogleSignIn.strings
2019-10-03 13:19:43 +0000  copying file ./GoogleSignIn.bundle/pt.lproj/GoogleSignIn.strings ... 
2019-10-03 13:19:43 +0000  717 bytes for ./GoogleSignIn.bundle/pt.lproj/GoogleSignIn.strings
2019-10-03 13:19:43 +0000  copying file ./GoogleSignIn.bundle/google.png ... 
2019-10-03 13:19:43 +0000  572 bytes for ./GoogleSignIn.bundle/google.png
copying file ./GoogleSignIn.bundle/Roboto-Bold.ttf ... 
2019-10-03 13:19:43 +0000  127744 bytes for ./GoogleSignIn.bundle/Roboto-Bold.ttf
2019-10-03 13:19:43 +0000  copying file ./GoogleSignIn.bundle/ro.lproj/GoogleSignIn.strings ... 
2019-10-03 13:19:43 +0000  719 bytes for ./GoogleSignIn.bundle/ro.lproj/GoogleSignIn.strings
2019-10-03 13:19:43 +0000  copying file ./GoogleSignIn.bundle/Info.plist ... 
2019-10-03 13:19:43 +0000  729 bytes for ./GoogleSignIn.bundle/Info.plist
2019-10-03 13:19:43 +0000  copying file ./GoogleSignIn.bundle/hr.lproj/GoogleSignIn.strings ... 
2019-10-03 13:19:43 +0000  697 bytes for ./GoogleSignIn.bundle/hr.lproj/GoogleSignIn.strings
2019-10-03 13:19:43 +0000  copying file ./GoogleSignIn.bundle/ca.lproj/GoogleSignIn.strings ... 
2019-10-03 13:19:43 +0000  766 bytes for ./GoogleSignIn.bundle/ca.lproj/GoogleSignIn.strings
2019-10-03 13:19:43 +0000  copying file ./Quicksand-Regular.ttf ... 
2019-10-03 13:19:43 +0000  107196 bytes for ./Quicksand-Regular.ttf
copying file ./Assets.car ... 
2019-10-03 13:19:43 +0000  9463824 bytes for ./Assets.car
2019-10-03 13:19:43 +0000  copying file ./montserrat-light_[allfont.net].ttf ... 
43940 bytes for ./montserrat-light_[allfont.net].ttf
copying file ./LaunchImage-700@2x.png ... 
2019-10-03 13:19:43 +0000  1531728 bytes for ./LaunchImage-700@2x.png
2019-10-03 13:19:43 +0000  copying file ./LaunchImage-700-568h@2x.png ... 
2019-10-03 13:19:43 +0000  1744052 bytes for ./LaunchImage-700-568h@2x.png
2019-10-03 13:19:43 +0000  copying file ./AssetPackManifestTemplate.plist ... 
546 bytes for ./AssetPackManifestTemplate.plist
copying file ./Montserrat-Regular.ttf ... 
29016 bytes for ./Montserrat-Regular.ttf
copying file ./embedded.mobileprovision ... 
7313 bytes for ./embedded.mobileprovision
copying file ./SVProgressHUD.bundle/info.png ... 
2019-10-03 13:19:43 +0000  365 bytes for ./SVProgressHUD.bundle/info.png
copying file ./SVProgressHUD.bundle/error@3x.png ... 
2019-10-03 13:19:43 +0000  398 bytes for ./SVProgressHUD.bundle/error@3x.png
2019-10-03 13:19:43 +0000  copying file ./SVProgressHUD.bundle/angle-mask@3x.png ... 
2019-10-03 13:19:43 +0000  8319 bytes for ./SVProgressHUD.bundle/angle-mask@3x.png
copying file ./SVProgressHUD.bundle/angle-mask@2x.png ... 
2019-10-03 13:19:43 +0000  4893 bytes for ./SVProgressHUD.bundle/angle-mask@2x.png
2019-10-03 13:19:43 +0000  copying file ./SVProgressHUD.bundle/error@2x.png ... 
2019-10-03 13:19:43 +0000  306 bytes for ./SVProgressHUD.bundle/error@2x.png
copying file ./SVProgressHUD.bundle/info@3x.png ... 
2019-10-03 13:19:43 +0000  1200 bytes for ./SVProgressHUD.bundle/info@3x.png
2019-10-03 13:19:43 +0000  copying file ./SVProgressHUD.bundle/success@2x.png ... 
2019-10-03 13:19:43 +0000  462 bytes for ./SVProgressHUD.bundle/success@2x.png
copying file ./SVProgressHUD.bundle/success@3x.png ... 
2019-10-03 13:19:43 +0000  714 bytes for ./SVProgressHUD.bundle/success@3x.png
2019-10-03 13:19:43 +0000  copying file ./SVProgressHUD.bundle/info@2x.png ... 
2019-10-03 13:19:43 +0000  816 bytes for ./SVProgressHUD.bundle/info@2x.png
copying file ./SVProgressHUD.bundle/error.png ... 
2019-10-03 13:19:43 +0000  184 bytes for ./SVProgressHUD.bundle/error.png
2019-10-03 13:19:43 +0000  copying file ./SVProgressHUD.bundle/success.png ... 
2019-10-03 13:19:43 +0000  262 bytes for ./SVProgressHUD.bundle/success.png
copying file ./SVProgressHUD.bundle/angle-mask.png ... 
2019-10-03 13:19:43 +0000  1845 bytes for ./SVProgressHUD.bundle/angle-mask.png
2019-10-03 13:19:43 +0000  copying file ./Info.plist ... 
2019-10-03 13:19:43 +0000  2430 bytes for ./Info.plist
copying file ./PkgInfo ... 
2019-10-03 13:19:43 +0000  8 bytes for ./PkgInfo
2019-10-03 13:19:43 +0000  copying file ./MediPac.momd/VersionInfo.plist ... 
2019-10-03 13:19:43 +0000  198 bytes for ./MediPac.momd/VersionInfo.plist
2019-10-03 13:19:43 +0000  copying file ./MediPac.momd/MediPac.mom ... 
2019-10-03 13:19:43 +0000  1740 bytes for ./MediPac.momd/MediPac.mom
2019-10-03 13:19:43 +0000  /usr/bin/ditto exited with 0
2019-10-03 13:19:43 +0000  Running /usr/bin/ditto '-V' '/Users/shailendra/Library/Developer/Xcode/Archives/2019-10-03/MediPac 03-10-19, 6.45 PM.xcarchive/Products/OnDemandResources/com.appypiellc.appypiellc.ContentView.assetpack' '/var/folders/m8/qx6l97s97vvcngjyq19xd68h0000gn/T/XcodeDistPipeline.iXd/Root/Payload/MediPac.app/OnDemandResources/com.appypiellc.appypiellc.ContentView.assetpack'
2019-10-03 13:19:43 +0000  >>> Copying /Users/shailendra/Library/Developer/Xcode/Archives/2019-10-03/MediPac 03-10-19, 6.45 PM.xcarchive/Products/OnDemandResources/com.appypiellc.appypiellc.ContentView.assetpack 
2019-10-03 13:19:43 +0000  copying file ./Info.plist ... 
2019-10-03 13:19:43 +0000  144 bytes for ./Info.plist
2019-10-03 13:19:43 +0000  /usr/bin/ditto exited with 0
2019-10-03 13:19:43 +0000  Processing step: IDEDistributionEmbedProfileStep
2019-10-03 13:19:43 +0000  Skipping profile for item: <IDEDistributionItem: 0x7fce1d56e050 'com.appypiellc.appypiellc.asset-pack-2STYS6YXSP1FL' '<DVTFilePath:0x7fce1d56bac0:'/Users/shailendra/Library/Developer/Xcode/Archives/2019-10-03/MediPac 03-10-19, 6.45 PM.xcarchive/Products/OnDemandResources/com.appypiellc.appypiellc.ContentView.assetpack'>'>
2019-10-03 13:19:43 +0000  Processing step: IDEDistributionAppThinningPlistStep
2019-10-03 13:19:43 +0000  Skipping step: IDEDistributionAppThinningPlistStep because it said so
2019-10-03 13:19:43 +0000  Processing step: IDEDistributionCompileBitcodeStep
2019-10-03 13:19:43 +0000  Skipping step: IDEDistributionCompileBitcodeStep because it said so
2019-10-03 13:19:43 +0000  Processing step: IDEDistributionCodeSlimmingStep
2019-10-03 13:19:43 +0000  Processing step: IDEDistributionCopyBCSymbolMapsStep
2019-10-03 13:19:43 +0000  Skipping step: IDEDistributionCopyBCSymbolMapsStep because it said so
2019-10-03 13:19:43 +0000  Skipping step: IDEDistributionCopyBCSymbolMapsStep because it said so
2019-10-03 13:19:43 +0000  Processing step: IDEDistributionSymbolsStep
2019-10-03 13:19:43 +0000  Skipping step: IDEDistributionSymbolsStep because it said so
2019-10-03 13:19:43 +0000  Skipping step: IDEDistributionSymbolsStep because it said so
2019-10-03 13:19:43 +0000  Processing step: IDEDistributionAppThinningStep
2019-10-03 13:19:43 +0000  Skipping step: IDEDistributionAppThinningStep because it said so
2019-10-03 13:19:43 +0000  Processing step: IDEDistributionArchThinningStep
2019-10-03 13:19:43 +0000  Running /Applications/Xcode.app/Contents/Developer/Toolchains/XcodeDefault.xctoolchain/usr/bin/lipo '/var/folders/m8/qx6l97s97vvcngjyq19xd68h0000gn/T/XcodeDistPipeline.iXd/Root/Payload/MediPac.app/MediPac' '-verify_arch' 'arm64e'
2019-10-03 13:19:43 +0000  /Applications/Xcode.app/Contents/Developer/Toolchains/XcodeDefault.xctoolchain/usr/bin/lipo exited with 1
2019-10-03 13:19:43 +0000  Skipping architecture thinning for item "MediPac" because arch "arm64e" wasn't found
2019-10-03 13:19:43 +0000  Skipping step: IDEDistributionArchThinningStep because it said so
2019-10-03 13:19:43 +0000  Processing step: IDEDistributionODRStep
2019-10-03 13:19:43 +0000  Processing step: IDEDistributionStripXattrsStep
2019-10-03 13:19:43 +0000  Running /usr/bin/xattr '-crs' '/var/folders/m8/qx6l97s97vvcngjyq19xd68h0000gn/T/XcodeDistPipeline.iXd/Root/Payload/MediPac.app'
2019-10-03 13:19:44 +0000  /usr/bin/xattr exited with 0
2019-10-03 13:19:44 +0000  Skipping stripping extended attributes of item: <IDEDistributionItem: 0x7fce1d56e050 'com.appypiellc.appypiellc.asset-pack-2STYS6YXSP1FL' '<DVTFilePath:0x7fce1d56bac0:'/Users/shailendra/Library/Developer/Xcode/Archives/2019-10-03/MediPac 03-10-19, 6.45 PM.xcarchive/Products/OnDemandResources/com.appypiellc.appypiellc.ContentView.assetpack'>'>
2019-10-03 13:19:44 +0000  Processing step: IDEDistributionCodesignStep
2019-10-03 13:19:44 +0000  Entitlements for <IDEDistributionItem: 0x7fce1b360df0 'com.appypiellc.appypiellc' '<DVTFilePath:0x7fce18f2b4c0:'/Users/shailendra/Library/Developer/Xcode/Archives/2019-10-03/MediPac 03-10-19, 6.45 PM.xcarchive/Products/Applications/MediPac.app'>'>: {
    "application-identifier" = "32M9V9VLQY.com.appypiellc.appypiellc";
    "aps-environment" = production;
    "com.apple.developer.team-identifier" = 32M9V9VLQY;
    "get-task-allow" = 0;
}
2019-10-03 13:19:44 +0000  Writing entitlements for <IDEDistributionItem: 0x7fce1b360df0 'com.appypiellc.appypiellc' '<DVTFilePath:0x7fce18f2b4c0:'/Users/shailendra/Library/Developer/Xcode/Archives/2019-10-03/MediPac 03-10-19, 6.45 PM.xcarchive/Products/Applications/MediPac.app'>'> to: /var/folders/m8/qx6l97s97vvcngjyq19xd68h0000gn/T/XcodeDistPipeline.iXd/entitlementsBA67co
2019-10-03 13:19:44 +0000  Running /usr/bin/codesign '-vvv' '--force' '--sign' '56B948516C2A1B99D2F5AC9818ACC11DED8B49EF' '--entitlements' '/var/folders/m8/qx6l97s97vvcngjyq19xd68h0000gn/T/XcodeDistPipeline.iXd/entitlementsBA67co' '--preserve-metadata=identifier,flags,runtime' '/var/folders/m8/qx6l97s97vvcngjyq19xd68h0000gn/T/XcodeDistPipeline.iXd/Root/Payload/MediPac.app'
2019-10-03 13:19:44 +0000  /var/folders/m8/qx6l97s97vvcngjyq19xd68h0000gn/T/XcodeDistPipeline.iXd/Root/Payload/MediPac.app: replacing existing signature
2019-10-03 13:19:44 +0000  /var/folders/m8/qx6l97s97vvcngjyq19xd68h0000gn/T/XcodeDistPipeline.iXd/Root/Payload/MediPac.app: signed app bundle with Mach-O thin (arm64) [com.appypiellc.appypiellc]
2019-10-03 13:19:44 +0000  /usr/bin/codesign exited with 0
2019-10-03 13:19:44 +0000  Skipping signing of item: <IDEDistributionItem: 0x7fce1d56e050 'com.appypiellc.appypiellc.asset-pack-2STYS6YXSP1FL' '<DVTFilePath:0x7fce1d56bac0:'/Users/shailendra/Library/Developer/Xcode/Archives/2019-10-03/MediPac 03-10-19, 6.45 PM.xcarchive/Products/OnDemandResources/com.appypiellc.appypiellc.ContentView.assetpack'>'>
2019-10-03 13:19:44 +0000  Processing step: IDEDistributionZipODRItemStep
2019-10-03 13:19:44 +0000  Skipping step: IDEDistributionZipODRItemStep because it said so
2019-10-03 13:19:44 +0000  Skipping step: IDEDistributionZipODRItemStep because it said so
2019-10-03 13:19:44 +0000  Processing step: IDEDistributionCreateIPAStep
2019-10-03 13:19:44 +0000  Running /usr/bin/ditto '-V' '-c' '-k' '--norsrc' '/var/folders/m8/qx6l97s97vvcngjyq19xd68h0000gn/T/XcodeDistPipeline.iXd/Root' '/var/folders/m8/qx6l97s97vvcngjyq19xd68h0000gn/T/XcodeDistPipeline.iXd/Packages/MediPac.ipa'
2019-10-03 13:19:44 +0000  >>> Copying /var/folders/m8/qx6l97s97vvcngjyq19xd68h0000gn/T/XcodeDistPipeline.iXd/Root 
2019-10-03 13:19:44 +0000  copying file ./Payload/MediPac.app/_CodeSignature/CodeResources ... 
2019-10-03 13:19:44 +0000  69459 bytes for ./Payload/MediPac.app/_CodeSignature/CodeResources
2019-10-03 13:19:44 +0000  copying file ./Payload/MediPac.app/Quicksand-Bold.ttf ... 
2019-10-03 13:19:44 +0000  107584 bytes for ./Payload/MediPac.app/Quicksand-Bold.ttf
copying file ./Payload/MediPac.app/AppIcon60x60@2x.png ... 
2019-10-03 13:19:44 +0000  12137 bytes for ./Payload/MediPac.app/AppIcon60x60@2x.png
copying file ./Payload/MediPac.app/OnDemandResources.plist ... 
2019-10-03 13:19:44 +0000  212 bytes for ./Payload/MediPac.app/OnDemandResources.plist
copying file ./Payload/MediPac.app/IQKeyboardManager.bundle/IQButtonBarArrowRight@2x.png ... 
2019-10-03 13:19:44 +0000  1786 bytes for ./Payload/MediPac.app/IQKeyboardManager.bundle/IQButtonBarArrowRight@2x.png
copying file ./Payload/MediPac.app/IQKeyboardManager.bundle/IQButtonBarArrowUp@3x.png ... 
2164 bytes for ./Payload/MediPac.app/IQKeyboardManager.bundle/IQButtonBarArrowUp@3x.png
copying file ./Payload/MediPac.app/IQKeyboardManager.bundle/IQButtonBarArrowUp@2x.png ... 
2019-10-03 13:19:44 +0000  1769 bytes for ./Payload/MediPac.app/IQKeyboardManager.bundle/IQButtonBarArrowUp@2x.png
copying file ./Payload/MediPac.app/IQKeyboardManager.bundle/IQButtonBarArrowRight@3x.png ... 
1844 bytes for ./Payload/MediPac.app/IQKeyboardManager.bundle/IQButtonBarArrowRight@3x.png
copying file ./Payload/MediPac.app/IQKeyboardManager.bundle/IQButtonBarArrowLeft@3x.png ... 
2019-10-03 13:19:44 +0000  1815 bytes for ./Payload/MediPac.app/IQKeyboardManager.bundle/IQButtonBarArrowLeft@3x.png
copying file ./Payload/MediPac.app/IQKeyboardManager.bundle/IQButtonBarArrowDown@3x.png ... 
2177 bytes for ./Payload/MediPac.app/IQKeyboardManager.bundle/IQButtonBarArrowDown@3x.png
copying file ./Payload/MediPac.app/IQKeyboardManager.bundle/IQButtonBarArrowDown@2x.png ... 
2019-10-03 13:19:44 +0000  1764 bytes for ./Payload/MediPac.app/IQKeyboardManager.bundle/IQButtonBarArrowDown@2x.png
copying file ./Payload/MediPac.app/IQKeyboardManager.bundle/IQButtonBarArrowLeft@2x.png ... 
1793 bytes for ./Payload/MediPac.app/IQKeyboardManager.bundle/IQButtonBarArrowLeft@2x.png
copying file ./Payload/MediPac.app/GTMOAuth2ViewTouch.nib ... 
2019-10-03 13:19:44 +0000  3654 bytes for ./Payload/MediPac.app/GTMOAuth2ViewTouch.nib
copying file ./Payload/MediPac.app/MediPac ... 
2019-10-03 13:19:44 +0000  3814416 bytes for ./Payload/MediPac.app/MediPac
2019-10-03 13:19:44 +0000  copying file ./Payload/MediPac.app/Montserrat-Bold.ttf ... 
29560 bytes for ./Payload/MediPac.app/Montserrat-Bold.ttf
copying file ./Payload/MediPac.app/GoogleService-Info.plist ... 
312 bytes for ./Payload/MediPac.app/GoogleService-Info.plist
copying file ./Payload/MediPac.app/FacebookSDKStrings.bundle/Resources/de.lproj/FacebookSDK.strings ... 
5174 bytes for ./Payload/MediPac.app/FacebookSDKStrings.bundle/Resources/de.lproj/FacebookSDK.strings
copying file ./Payload/MediPac.app/FacebookSDKStrings.bundle/Resources/he.lproj/FacebookSDK.strings ... 
5282 bytes for ./Payload/MediPac.app/FacebookSDKStrings.bundle/Resources/he.lproj/FacebookSDK.strings
copying file ./Payload/MediPac.app/FacebookSDKStrings.bundle/Resources/ar.lproj/FacebookSDK.strings ... 
5603 bytes for ./Payload/MediPac.app/FacebookSDKStrings.bundle/Resources/ar.lproj/FacebookSDK.strings
copying file ./Payload/MediPac.app/FacebookSDKStrings.bundle/Resources/el.lproj/FacebookSDK.strings ... 
6162 bytes for ./Payload/MediPac.app/FacebookSDKStrings.bundle/Resources/el.lproj/FacebookSDK.strings
copying file ./Payload/MediPac.app/FacebookSDKStrings.bundle/Resources/ja.lproj/FacebookSDK.strings ... 
5419 bytes for ./Payload/MediPac.app/FacebookSDKStrings.bundle/Resources/ja.lproj/FacebookSDK.strings
copying file ./Payload/MediPac.app/FacebookSDKStrings.bundle/Resources/mr.lproj/FacebookSDK.strings ... 
6747 bytes for ./Payload/MediPac.app/FacebookSDKStrings.bundle/Resources/mr.lproj/FacebookSDK.strings
copying file ./Payload/MediPac.app/FacebookSDKStrings.bundle/Resources/en.lproj/FacebookSDK.strings ... 
9126 bytes for ./Payload/MediPac.app/FacebookSDKStrings.bundle/Resources/en.lproj/FacebookSDK.strings
copying file ./Payload/MediPac.app/FacebookSDKStrings.bundle/Resources/gu.lproj/FacebookSDK.strings ... 
6757 bytes for ./Payload/MediPac.app/FacebookSDKStrings.bundle/Resources/gu.lproj/FacebookSDK.strings
copying file ./Payload/MediPac.app/FacebookSDKStrings.bundle/Resources/kn.lproj/FacebookSDK.strings ... 
5977 bytes for ./Payload/MediPac.app/FacebookSDKStrings.bundle/Resources/kn.lproj/FacebookSDK.strings
copying file ./Payload/MediPac.app/FacebookSDKStrings.bundle/Resources/nb.lproj/FacebookSDK.strings ... 
4911 bytes for ./Payload/MediPac.app/FacebookSDKStrings.bundle/Resources/nb.lproj/FacebookSDK.strings
copying file ./Payload/MediPac.app/FacebookSDKStrings.bundle/Resources/pa.lproj/FacebookSDK.strings ... 
6874 bytes for ./Payload/MediPac.app/FacebookSDKStrings.bundle/Resources/pa.lproj/FacebookSDK.strings
copying file ./Payload/MediPac.app/FacebookSDKStrings.bundle/Resources/es.lproj/FacebookSDK.strings ... 
5110 bytes for ./Payload/MediPac.app/FacebookSDKStrings.bundle/Resources/es.lproj/FacebookSDK.strings
copying file ./Payload/MediPac.app/FacebookSDKStrings.bundle/Resources/da.lproj/FacebookSDK.strings ... 
4975 bytes for ./Payload/MediPac.app/FacebookSDKStrings.bundle/Resources/da.lproj/FacebookSDK.strings
copying file ./Payload/MediPac.app/FacebookSDKStrings.bundle/Resources/it.lproj/FacebookSDK.strings ... 
5016 bytes for ./Payload/MediPac.app/FacebookSDKStrings.bundle/Resources/it.lproj/FacebookSDK.strings
copying file ./Payload/MediPac.app/FacebookSDKStrings.bundle/Resources/sk.lproj/FacebookSDK.strings ... 
5130 bytes for ./Payload/MediPac.app/FacebookSDKStrings.bundle/Resources/sk.lproj/FacebookSDK.strings
copying file ./Payload/MediPac.app/FacebookSDKStrings.bundle/Resources/pt_PT.lproj/FacebookSDK.strings ... 
5139 bytes for ./Payload/MediPac.app/FacebookSDKStrings.bundle/Resources/pt_PT.lproj/FacebookSDK.strings
copying file ./Payload/MediPac.app/FacebookSDKStrings.bundle/Resources/ms.lproj/FacebookSDK.strings ... 
2019-10-03 13:19:44 +0000  4990 bytes for ./Payload/MediPac.app/FacebookSDKStrings.bundle/Resources/ms.lproj/FacebookSDK.strings
copying file ./Payload/MediPac.app/FacebookSDKStrings.bundle/Resources/ta.lproj/FacebookSDK.strings ... 
7039 bytes for ./Payload/MediPac.app/FacebookSDKStrings.bundle/Resources/ta.lproj/FacebookSDK.strings
2019-10-03 13:19:44 +0000  copying file ./Payload/MediPac.app/FacebookSDKStrings.bundle/Resources/ml.lproj/FacebookSDK.strings ... 
2019-10-03 13:19:44 +0000  7388 bytes for ./Payload/MediPac.app/FacebookSDKStrings.bundle/Resources/ml.lproj/FacebookSDK.strings
copying file ./Payload/MediPac.app/FacebookSDKStrings.bundle/Resources/sv.lproj/FacebookSDK.strings ... 
4940 bytes for ./Payload/MediPac.app/FacebookSDKStrings.bundle/Resources/sv.lproj/FacebookSDK.strings
2019-10-03 13:19:44 +0000  copying file ./Payload/MediPac.app/FacebookSDKStrings.bundle/Resources/te.lproj/FacebookSDK.strings ... 
2019-10-03 13:19:44 +0000  7083 bytes for ./Payload/MediPac.app/FacebookSDKStrings.bundle/Resources/te.lproj/FacebookSDK.strings
copying file ./Payload/MediPac.app/FacebookSDKStrings.bundle/Resources/cs.lproj/FacebookSDK.strings ... 
2019-10-03 13:19:44 +0000  5115 bytes for ./Payload/MediPac.app/FacebookSDKStrings.bundle/Resources/cs.lproj/FacebookSDK.strings
copying file ./Payload/MediPac.app/FacebookSDKStrings.bundle/Resources/ko.lproj/FacebookSDK.strings ... 
2019-10-03 13:19:44 +0000  5137 bytes for ./Payload/MediPac.app/FacebookSDKStrings.bundle/Resources/ko.lproj/FacebookSDK.strings
copying file ./Payload/MediPac.app/FacebookSDKStrings.bundle/Resources/fil.lproj/FacebookSDK.strings ... 
2019-10-03 13:19:44 +0000  5137 bytes for ./Payload/MediPac.app/FacebookSDKStrings.bundle/Resources/fil.lproj/FacebookSDK.strings
copying file ./Payload/MediPac.app/FacebookSDKStrings.bundle/Resources/hu.lproj/FacebookSDK.strings ... 
2019-10-03 13:19:44 +0000  5233 bytes for ./Payload/MediPac.app/FacebookSDKStrings.bundle/Resources/hu.lproj/FacebookSDK.strings
copying file ./Payload/MediPac.app/FacebookSDKStrings.bundle/Resources/tr.lproj/FacebookSDK.strings ... 
5006 bytes for ./Payload/MediPac.app/FacebookSDKStrings.bundle/Resources/tr.lproj/FacebookSDK.strings
2019-10-03 13:19:44 +0000  copying file ./Payload/MediPac.app/FacebookSDKStrings.bundle/Resources/pl.lproj/FacebookSDK.strings ... 
5086 bytes for ./Payload/MediPac.app/FacebookSDKStrings.bundle/Resources/pl.lproj/FacebookSDK.strings
2019-10-03 13:19:44 +0000  copying file ./Payload/MediPac.app/FacebookSDKStrings.bundle/Resources/en_GB.lproj/FacebookSDK.strings ... 
4509 bytes for ./Payload/MediPac.app/FacebookSDKStrings.bundle/Resources/en_GB.lproj/FacebookSDK.strings
2019-10-03 13:19:44 +0000  copying file ./Payload/MediPac.app/FacebookSDKStrings.bundle/Resources/zh_Hant_TW.lproj/FacebookSDK.strings ... 
4891 bytes for ./Payload/MediPac.app/FacebookSDKStrings.bundle/Resources/zh_Hant_TW.lproj/FacebookSDK.strings
copying file ./Payload/MediPac.app/FacebookSDKStrings.bundle/Resources/vi.lproj/FacebookSDK.strings ... 
2019-10-03 13:19:44 +0000  5393 bytes for ./Payload/MediPac.app/FacebookSDKStrings.bundle/Resources/vi.lproj/FacebookSDK.strings
copying file ./Payload/MediPac.app/FacebookSDKStrings.bundle/Resources/ru.lproj/FacebookSDK.strings ... 
2019-10-03 13:19:44 +0000  5711 bytes for ./Payload/MediPac.app/FacebookSDKStrings.bundle/Resources/ru.lproj/FacebookSDK.strings
copying file ./Payload/MediPac.app/FacebookSDKStrings.bundle/Resources/zh_Hant_HK.lproj/FacebookSDK.strings ... 
2019-10-03 13:19:44 +0000  4853 bytes for ./Payload/MediPac.app/FacebookSDKStrings.bundle/Resources/zh_Hant_HK.lproj/FacebookSDK.strings
copying file ./Payload/MediPac.app/FacebookSDKStrings.bundle/Resources/af.lproj/FacebookSDK.strings ... 
2019-10-03 13:19:44 +0000  5014 bytes for ./Payload/MediPac.app/FacebookSDKStrings.bundle/Resources/af.lproj/FacebookSDK.strings
copying file ./Payload/MediPac.app/FacebookSDKStrings.bundle/Resources/es_ES.lproj/FacebookSDK.strings ... 
2019-10-03 13:19:44 +0000  5128 bytes for ./Payload/MediPac.app/FacebookSDKStrings.bundle/Resources/es_ES.lproj/FacebookSDK.strings
copying file ./Payload/MediPac.app/FacebookSDKStrings.bundle/Resources/fr.lproj/FacebookSDK.strings ... 
2019-10-03 13:19:44 +0000  5228 bytes for ./Payload/MediPac.app/FacebookSDKStrings.bundle/Resources/fr.lproj/FacebookSDK.strings
copying file ./Payload/MediPac.app/FacebookSDKStrings.bundle/Resources/fi.lproj/FacebookSDK.strings ... 
5096 bytes for ./Payload/MediPac.app/FacebookSDKStrings.bundle/Resources/fi.lproj/FacebookSDK.strings
2019-10-03 13:19:44 +0000  copying file ./Payload/MediPac.app/FacebookSDKStrings.bundle/Resources/id.lproj/FacebookSDK.strings ... 
4932 bytes for ./Payload/MediPac.app/FacebookSDKStrings.bundle/Resources/id.lproj/FacebookSDK.strings
2019-10-03 13:19:44 +0000  copying file ./Payload/MediPac.app/FacebookSDKStrings.bundle/Resources/nl.lproj/FacebookSDK.strings ... 
5014 bytes for ./Payload/MediPac.app/FacebookSDKStrings.bundle/Resources/nl.lproj/FacebookSDK.strings
copying file ./Payload/MediPac.app/FacebookSDKStrings.bundle/Resources/th.lproj/FacebookSDK.strings ... 
2019-10-03 13:19:44 +0000  6758 bytes for ./Payload/MediPac.app/FacebookSDKStrings.bundle/Resources/th.lproj/FacebookSDK.strings
copying file ./Payload/MediPac.app/FacebookSDKStrings.bundle/Resources/pt.lproj/FacebookSDK.strings ... 
2019-10-03 13:19:44 +0000  5043 bytes for ./Payload/MediPac.app/FacebookSDKStrings.bundle/Resources/pt.lproj/FacebookSDK.strings
copying file ./Payload/MediPac.app/FacebookSDKStrings.bundle/Resources/bn.lproj/FacebookSDK.strings ... 
2019-10-03 13:19:44 +0000  7025 bytes for ./Payload/MediPac.app/FacebookSDKStrings.bundle/Resources/bn.lproj/FacebookSDK.strings
copying file ./Payload/MediPac.app/FacebookSDKStrings.bundle/Resources/hr.lproj/FacebookSDK.strings ... 
2019-10-03 13:19:44 +0000  4978 bytes for ./Payload/MediPac.app/FacebookSDKStrings.bundle/Resources/hr.lproj/FacebookSDK.strings
copying file ./Payload/MediPac.app/FacebookSDKStrings.bundle/Resources/hi.lproj/FacebookSDK.strings ... 
2019-10-03 13:19:44 +0000  6785 bytes for ./Payload/MediPac.app/FacebookSDKStrings.bundle/Resources/hi.lproj/FacebookSDK.strings
copying file ./Payload/MediPac.app/FacebookSDKStrings.bundle/Resources/zh.lproj/FacebookSDK.strings ... 
2019-10-03 13:19:44 +0000  4833 bytes for ./Payload/MediPac.app/FacebookSDKStrings.bundle/Resources/zh.lproj/FacebookSDK.strings
copying file ./Payload/MediPac.app/Quicksand-Medium.ttf ... 
2019-10-03 13:19:44 +0000  106468 bytes for ./Payload/MediPac.app/Quicksand-Medium.ttf
2019-10-03 13:19:44 +0000  copying file ./Payload/MediPac.app/Assets.bundle/Assets/YTPlayerView-iframe-player.html ... 
2763 bytes for ./Payload/MediPac.app/Assets.bundle/Assets/YTPlayerView-iframe-player.html
2019-10-03 13:19:44 +0000  copying file ./Payload/MediPac.app/Base.lproj/Main.storyboardc/PurchasesVC.nib ... 
942 bytes for ./Payload/MediPac.app/Base.lproj/Main.storyboardc/PurchasesVC.nib
2019-10-03 13:19:44 +0000  copying file ./Payload/MediPac.app/Base.lproj/Main.storyboardc/IdW-6Z-DxH-view-55L-YW-hpE.nib ... 
2263 bytes for ./Payload/MediPac.app/Base.lproj/Main.storyboardc/IdW-6Z-DxH-view-55L-YW-hpE.nib
copying file ./Payload/MediPac.app/Base.lproj/Main.storyboardc/BcS-or-KwC-view-kCr-as-jB6.nib ... 
2019-10-03 13:19:44 +0000  7753 bytes for ./Payload/MediPac.app/Base.lproj/Main.storyboardc/BcS-or-KwC-view-kCr-as-jB6.nib
2019-10-03 13:19:44 +0000  copying file ./Payload/MediPac.app/Base.lproj/Main.storyboardc/1__#$!@%!#__insuranceQuoteResultsVC.nib ... 
920 bytes for ./Payload/MediPac.app/Base.lproj/Main.storyboardc/1__#$!@%!#__insuranceQuoteResultsVC.nib
copying file ./Payload/MediPac.app/Base.lproj/Main.storyboardc/Trip6VC.nib ... 
986 bytes for ./Payload/MediPac.app/Base.lproj/Main.storyboardc/Trip6VC.nib
2019-10-03 13:19:44 +0000  copying file ./Payload/MediPac.app/Base.lproj/Main.storyboardc/ViewDetailsViewController.nib ... 
1034 bytes for ./Payload/MediPac.app/Base.lproj/Main.storyboardc/ViewDetailsViewController.nib
copying file ./Payload/MediPac.app/Base.lproj/Main.storyboardc/zvL-Vk-tmf-view-n3r-m5-fZ5.nib ... 
2019-10-03 13:19:44 +0000  3607 bytes for ./Payload/MediPac.app/Base.lproj/Main.storyboardc/zvL-Vk-tmf-view-n3r-m5-fZ5.nib
copying file ./Payload/MediPac.app/Base.lproj/Main.storyboardc/hZ2-tQ-URA-view-Q4C-uN-E6Z.nib ... 
2019-10-03 13:19:44 +0000  4869 bytes for ./Payload/MediPac.app/Base.lproj/Main.storyboardc/hZ2-tQ-URA-view-Q4C-uN-E6Z.nib
copying file ./Payload/MediPac.app/Base.lproj/Main.storyboardc/RWj-u7-7vL-view-w3U-X8-lZc.nib ... 
2019-10-03 13:19:44 +0000  5993 bytes for ./Payload/MediPac.app/Base.lproj/Main.storyboardc/RWj-u7-7vL-view-w3U-X8-lZc.nib
copying file ./Payload/MediPac.app/Base.lproj/Main.storyboardc/Y48-eg-DVY-view-SmQ-Q9-IEf.nib ... 
2019-10-03 13:19:44 +0000  15222 bytes for ./Payload/MediPac.app/Base.lproj/Main.storyboardc/Y48-eg-DVY-view-SmQ-Q9-IEf.nib
copying file ./Payload/MediPac.app/Base.lproj/Main.storyboardc/InsurancePlanVC.nib ... 
2019-10-03 13:19:44 +0000  994 bytes for ./Payload/MediPac.app/Base.lproj/Main.storyboardc/InsurancePlanVC.nib
copying file ./Payload/MediPac.app/Base.lproj/Main.storyboardc/Ihz-rC-SDg-view-Wxr-Th-082.nib ... 
2019-10-03 13:19:44 +0000  27184 bytes for ./Payload/MediPac.app/Base.lproj/Main.storyboardc/Ihz-rC-SDg-view-Wxr-Th-082.nib
2019-10-03 13:19:44 +0000  copying file ./Payload/MediPac.app/Base.lproj/Main.storyboardc/z33-tS-ULb-view-qas-0F-Dj5.nib ... 
2927 bytes for ./Payload/MediPac.app/Base.lproj/Main.storyboardc/z33-tS-ULb-view-qas-0F-Dj5.nib
copying file ./Payload/MediPac.app/Base.lproj/Main.storyboardc/PConfirmC.nib ... 
2019-10-03 13:19:44 +0000  940 bytes for ./Payload/MediPac.app/Base.lproj/Main.storyboardc/PConfirmC.nib
copying file ./Payload/MediPac.app/Base.lproj/Main.storyboardc/DiscountViewController.nib ... 
2019-10-03 13:19:44 +0000  983 bytes for ./Payload/MediPac.app/Base.lproj/Main.storyboardc/DiscountViewController.nib
copying file ./Payload/MediPac.app/Base.lproj/Main.storyboardc/StoreQuotationVC.nib ... 
995 bytes for ./Payload/MediPac.app/Base.lproj/Main.storyboardc/StoreQuotationVC.nib
copying file ./Payload/MediPac.app/Base.lproj/Main.storyboardc/OgB-I3-m3Q-view-DEj-VI-WLG.nib ... 
2019-10-03 13:19:44 +0000  28059 bytes for ./Payload/MediPac.app/Base.lproj/Main.storyboardc/OgB-I3-m3Q-view-DEj-VI-WLG.nib
2019-10-03 13:19:44 +0000  copying file ./Payload/MediPac.app/Base.lproj/Main.storyboardc/QCr-6F-POl-view-1qa-LX-u3f.nib ... 
2933 bytes for ./Payload/MediPac.app/Base.lproj/Main.storyboardc/QCr-6F-POl-view-1qa-LX-u3f.nib
2019-10-03 13:19:44 +0000  copying file ./Payload/MediPac.app/Base.lproj/Main.storyboardc/Eu9-RE-Id5-view-DOa-X1-03x.nib ... 
2019-10-03 13:19:44 +0000  15367 bytes for ./Payload/MediPac.app/Base.lproj/Main.storyboardc/Eu9-RE-Id5-view-DOa-X1-03x.nib
2019-10-03 13:19:44 +0000  copying file ./Payload/MediPac.app/Base.lproj/Main.storyboardc/ContactUsVC.nib ... 
1035 bytes for ./Payload/MediPac.app/Base.lproj/Main.storyboardc/ContactUsVC.nib
copying file ./Payload/MediPac.app/Base.lproj/Main.storyboardc/R7y-xQ-Xsq-view-ABW-aX-O5Q.nib ... 
2019-10-03 13:19:44 +0000  3341 bytes for ./Payload/MediPac.app/Base.lproj/Main.storyboardc/R7y-xQ-Xsq-view-ABW-aX-O5Q.nib
copying file ./Payload/MediPac.app/Base.lproj/Main.storyboardc/EmailSentVC.nib ... 
2019-10-03 13:19:44 +0000  990 bytes for ./Payload/MediPac.app/Base.lproj/Main.storyboardc/EmailSentVC.nib
copying file ./Payload/MediPac.app/Base.lproj/Main.storyboardc/d5E-5w-bTA-view-og9-Gu-den.nib ... 
2019-10-03 13:19:44 +0000  15467 bytes for ./Payload/MediPac.app/Base.lproj/Main.storyboardc/d5E-5w-bTA-view-og9-Gu-den.nib
2019-10-03 13:19:44 +0000  copying file ./Payload/MediPac.app/Base.lproj/Main.storyboardc/pdd-wT-uTt-view-e2T-qh-EQN.nib ... 
2019-10-03 13:19:44 +0000  27595 bytes for ./Payload/MediPac.app/Base.lproj/Main.storyboardc/pdd-wT-uTt-view-e2T-qh-EQN.nib
2019-10-03 13:19:44 +0000  copying file ./Payload/MediPac.app/Base.lproj/Main.storyboardc/DfO-tc-pGz-view-cBD-Uz-Ia5.nib ... 
2019-10-03 13:19:44 +0000  14532 bytes for ./Payload/MediPac.app/Base.lproj/Main.storyboardc/DfO-tc-pGz-view-cBD-Uz-Ia5.nib
2019-10-03 13:19:44 +0000  copying file ./Payload/MediPac.app/Base.lproj/Main.storyboardc/ForgotPswrdVC.nib ... 
992 bytes for ./Payload/MediPac.app/Base.lproj/Main.storyboardc/ForgotPswrdVC.nib
copying file ./Payload/MediPac.app/Base.lproj/Main.storyboardc/AddressProfileVC.nib ... 
2019-10-03 13:19:44 +0000  1040 bytes for ./Payload/MediPac.app/Base.lproj/Main.storyboardc/AddressProfileVC.nib
copying file ./Payload/MediPac.app/Base.lproj/Main.storyboardc/6dO-KG-mH8-view-FSo-Yk-Gda.nib ... 
2019-10-03 13:19:44 +0000  12776 bytes for ./Payload/MediPac.app/Base.lproj/Main.storyboardc/6dO-KG-mH8-view-FSo-Yk-Gda.nib
2019-10-03 13:19:44 +0000  copying file ./Payload/MediPac.app/Base.lproj/Main.storyboardc/Trip7VC.nib ... 
2019-10-03 13:19:44 +0000  11489 bytes for ./Payload/MediPac.app/Base.lproj/Main.storyboardc/Trip7VC.nib
2019-10-03 13:19:44 +0000  copying file ./Payload/MediPac.app/Base.lproj/Main.storyboardc/GKT-51-hcG-view-lHm-8c-4u2.nib ... 
2019-10-03 13:19:44 +0000  16998 bytes for ./Payload/MediPac.app/Base.lproj/Main.storyboardc/GKT-51-hcG-view-lHm-8c-4u2.nib
copying file ./Payload/MediPac.app/Base.lproj/Main.storyboardc/BuyInsuranceVC.nib ... 
2019-10-03 13:19:44 +0000  1038 bytes for ./Payload/MediPac.app/Base.lproj/Main.storyboardc/BuyInsuranceVC.nib
copying file ./Payload/MediPac.app/Base.lproj/Main.storyboardc/InsuranceQuoteVC.nib ... 
2019-10-03 13:19:44 +0000  1040 bytes for ./Payload/MediPac.app/Base.lproj/Main.storyboardc/InsuranceQuoteVC.nib
copying file ./Payload/MediPac.app/Base.lproj/Main.storyboardc/brM-35-yuc-view-g7w-ak-RVt.nib ... 
2019-10-03 13:19:44 +0000  25805 bytes for ./Payload/MediPac.app/Base.lproj/Main.storyboardc/brM-35-yuc-view-g7w-ak-RVt.nib
2019-10-03 13:19:44 +0000  copying file ./Payload/MediPac.app/Base.lproj/Main.storyboardc/SingleTripPlanVC.nib ... 
2019-10-03 13:19:44 +0000  6613 bytes for ./Payload/MediPac.app/Base.lproj/Main.storyboardc/SingleTripPlanVC.nib
2019-10-03 13:19:44 +0000  copying file ./Payload/MediPac.app/Base.lproj/Main.storyboardc/VKO-zF-EDS-view-kb7-qt-K6H.nib ... 
1149 bytes for ./Payload/MediPac.app/Base.lproj/Main.storyboardc/VKO-zF-EDS-view-kb7-qt-K6H.nib
copying file ./Payload/MediPac.app/Base.lproj/Main.storyboardc/ViewController.nib ... 
2019-10-03 13:19:44 +0000  1071 bytes for ./Payload/MediPac.app/Base.lproj/Main.storyboardc/ViewController.nib
copying file ./Payload/MediPac.app/Base.lproj/Main.storyboardc/PaymentVC.nib ... 
988 bytes for ./Payload/MediPac.app/Base.lproj/Main.storyboardc/PaymentVC.nib
copying file ./Payload/MediPac.app/Base.lproj/Main.storyboardc/kaJ-Rv-Si6-view-zZ3-To-3Lg.nib ... 
2019-10-03 13:19:44 +0000  22131 bytes for ./Payload/MediPac.app/Base.lproj/Main.storyboardc/kaJ-Rv-Si6-view-zZ3-To-3Lg.nib
2019-10-03 13:19:44 +0000  copying file ./Payload/MediPac.app/Base.lproj/Main.storyboardc/SignUpVC.nib ... 
2649 bytes for ./Payload/MediPac.app/Base.lproj/Main.storyboardc/SignUpVC.nib
copying file ./Payload/MediPac.app/Base.lproj/Main.storyboardc/ChoosePasswordVC.nib ... 
2019-10-03 13:19:44 +0000  995 bytes for ./Payload/MediPac.app/Base.lproj/Main.storyboardc/ChoosePasswordVC.nib
copying file ./Payload/MediPac.app/Base.lproj/Main.storyboardc/SearchAnyAddressViewController.nib ... 
1087 bytes for ./Payload/MediPac.app/Base.lproj/Main.storyboardc/SearchAnyAddressViewController.nib
copying file ./Payload/MediPac.app/Base.lproj/Main.storyboardc/6uR-Fw-V2a-view-KFu-z1-US6.nib ... 
2019-10-03 13:19:44 +0000  2934 bytes for ./Payload/MediPac.app/Base.lproj/Main.storyboardc/6uR-Fw-V2a-view-KFu-z1-US6.nib
copying file ./Payload/MediPac.app/Base.lproj/Main.storyboardc/LeftMenuVC.nib ... 
2019-10-03 13:19:44 +0000  989 bytes for ./Payload/MediPac.app/Base.lproj/Main.storyboardc/LeftMenuVC.nib
copying file ./Payload/MediPac.app/Base.lproj/Main.storyboardc/u9w-GM-2Bq-view-F2H-VK-xRk.nib ... 
2019-10-03 13:19:44 +0000  26878 bytes for ./Payload/MediPac.app/Base.lproj/Main.storyboardc/u9w-GM-2Bq-view-F2H-VK-xRk.nib
copying file ./Payload/MediPac.app/Base.lproj/Main.storyboardc/SingleTripPlanVC3.nib ... 
2019-10-03 13:19:44 +0000  996 bytes for ./Payload/MediPac.app/Base.lproj/Main.storyboardc/SingleTripPlanVC3.nib
copying file ./Payload/MediPac.app/Base.lproj/Main.storyboardc/SingleTripPlan4VC.nib ... 
2019-10-03 13:19:44 +0000  996 bytes for ./Payload/MediPac.app/Base.lproj/Main.storyboardc/SingleTripPlan4VC.nib
copying file ./Payload/MediPac.app/Base.lproj/Main.storyboardc/SingleTripPlanVC2.nib ... 
996 bytes for ./Payload/MediPac.app/Base.lproj/Main.storyboardc/SingleTripPlanVC2.nib
2019-10-03 13:19:44 +0000  copying file ./Payload/MediPac.app/Base.lproj/Main.storyboardc/BYZ-38-t0r-view-8bC-Xf-vdC.nib ... 
3129 bytes for ./Payload/MediPac.app/Base.lproj/Main.storyboardc/BYZ-38-t0r-view-8bC-Xf-vdC.nib
2019-10-03 13:19:44 +0000  copying file ./Payload/MediPac.app/Base.lproj/Main.storyboardc/jOx-4J-0rP-view-nUt-8S-ovR.nib ... 
3050 bytes for ./Payload/MediPac.app/Base.lproj/Main.storyboardc/jOx-4J-0rP-view-nUt-8S-ovR.nib
2019-10-03 13:19:44 +0000  copying file ./Payload/MediPac.app/Base.lproj/Main.storyboardc/ProfileVC.nib ... 
2019-10-03 13:19:44 +0000  6576 bytes for ./Payload/MediPac.app/Base.lproj/Main.storyboardc/ProfileVC.nib
copying file ./Payload/MediPac.app/Base.lproj/Main.storyboardc/2gF-rp-qp9-view-HjC-Ib-x6h.nib ... 
2019-10-03 13:19:44 +0000  1425 bytes for ./Payload/MediPac.app/Base.lproj/Main.storyboardc/2gF-rp-qp9-view-HjC-Ib-x6h.nib
copying file ./Payload/MediPac.app/Base.lproj/Main.storyboardc/lYb-nU-Qe0-view-Mtn-Y4-hN5.nib ... 
3742 bytes for ./Payload/MediPac.app/Base.lproj/Main.storyboardc/lYb-nU-Qe0-view-Mtn-Y4-hN5.nib
2019-10-03 13:19:44 +0000  copying file ./Payload/MediPac.app/Base.lproj/Main.storyboardc/ck4-Ch-zHK-view-zyt-Jm-laL.nib ... 
2019-10-03 13:19:44 +0000  7633 bytes for ./Payload/MediPac.app/Base.lproj/Main.storyboardc/ck4-Ch-zHK-view-zyt-Jm-laL.nib
copying file ./Payload/MediPac.app/Base.lproj/Main.storyboardc/9SP-cC-Hqx-view-kBg-J6-Qy2.nib ... 
2415 bytes for ./Payload/MediPac.app/Base.lproj/Main.storyboardc/9SP-cC-Hqx-view-kBg-J6-Qy2.nib
copying file ./Payload/MediPac.app/Base.lproj/Main.storyboardc/TermsVC.nib ... 
2019-10-03 13:19:44 +0000  1031 bytes for ./Payload/MediPac.app/Base.lproj/Main.storyboardc/TermsVC.nib
copying file ./Payload/MediPac.app/Base.lproj/Main.storyboardc/HomeVC.nib ... 
1030 bytes for ./Payload/MediPac.app/Base.lproj/Main.storyboardc/HomeVC.nib
copying file ./Payload/MediPac.app/Base.lproj/Main.storyboardc/FamilyProfileVC.nib ... 
2019-10-03 13:19:44 +0000  994 bytes for ./Payload/MediPac.app/Base.lproj/Main.storyboardc/FamilyProfileVC.nib
copying file ./Payload/MediPac.app/Base.lproj/Main.storyboardc/dMx-6P-OiS-view-SjB-Mc-1hF.nib ... 
2019-10-03 13:19:44 +0000  5073 bytes for ./Payload/MediPac.app/Base.lproj/Main.storyboardc/dMx-6P-OiS-view-SjB-Mc-1hF.nib
copying file ./Payload/MediPac.app/Base.lproj/Main.storyboardc/AuK-Te-bT4-view-OEL-hA-mnp.nib ... 
2019-10-03 13:19:44 +0000  7660 bytes for ./Payload/MediPac.app/Base.lproj/Main.storyboardc/AuK-Te-bT4-view-OEL-hA-mnp.nib
copying file ./Payload/MediPac.app/Base.lproj/Main.storyboardc/Trip1ScreenViewController.nib ... 
2019-10-03 13:19:44 +0000  6721 bytes for ./Payload/MediPac.app/Base.lproj/Main.storyboardc/Trip1ScreenViewController.nib
copying file ./Payload/MediPac.app/Base.lproj/Main.storyboardc/7I4-1M-G1v-view-R17-E3-UMC.nib ... 
2019-10-03 13:19:44 +0000  12487 bytes for ./Payload/MediPac.app/Base.lproj/Main.storyboardc/7I4-1M-G1v-view-R17-E3-UMC.nib
2019-10-03 13:19:44 +0000  copying file ./Payload/MediPac.app/Base.lproj/Main.storyboardc/4h7-k5-5Ug-view-Z55-kn-Mvv.nib ... 
2019-10-03 13:19:44 +0000  8552 bytes for ./Payload/MediPac.app/Base.lproj/Main.storyboardc/4h7-k5-5Ug-view-Z55-kn-Mvv.nib
copying file ./Payload/MediPac.app/Base.lproj/Main.storyboardc/ClaimsVC.nib ... 
2019-10-03 13:19:44 +0000  4076 bytes for ./Payload/MediPac.app/Base.lproj/Main.storyboardc/ClaimsVC.nib
copying file ./Payload/MediPac.app/Base.lproj/Main.storyboardc/xmv-CO-bGj-view-LNH-aO-2G3.nib ... 
2019-10-03 13:19:44 +0000  6163 bytes for ./Payload/MediPac.app/Base.lproj/Main.storyboardc/xmv-CO-bGj-view-LNH-aO-2G3.nib
copying file ./Payload/MediPac.app/Base.lproj/Main.storyboardc/Whi-6m-atV-view-3gX-Sx-fJG.nib ... 
2019-10-03 13:19:44 +0000  15670 bytes for ./Payload/MediPac.app/Base.lproj/Main.storyboardc/Whi-6m-atV-view-3gX-Sx-fJG.nib
copying file ./Payload/MediPac.app/Base.lproj/Main.storyboardc/InsuranceQuoteResultsVC.nib ... 
2019-10-03 13:19:44 +0000  1002 bytes for ./Payload/MediPac.app/Base.lproj/Main.storyboardc/InsuranceQuoteResultsVC.nib
copying file ./Payload/MediPac.app/Base.lproj/Main.storyboardc/ZqS-1I-ozh-view-y6R-p1-cdo.nib ... 
2019-10-03 13:19:44 +0000  11581 bytes for ./Payload/MediPac.app/Base.lproj/Main.storyboardc/ZqS-1I-ozh-view-y6R-p1-cdo.nib
copying file ./Payload/MediPac.app/Base.lproj/Main.storyboardc/EmailAddressVC.nib ... 
2019-10-03 13:19:44 +0000  993 bytes for ./Payload/MediPac.app/Base.lproj/Main.storyboardc/EmailAddressVC.nib
copying file ./Payload/MediPac.app/Base.lproj/Main.storyboardc/K5S-9T-ENy-view-X6q-Hr-GrA.nib ... 
2019-10-03 13:19:44 +0000  2949 bytes for ./Payload/MediPac.app/Base.lproj/Main.storyboardc/K5S-9T-ENy-view-X6q-Hr-GrA.nib
copying file ./Payload/MediPac.app/Base.lproj/Main.storyboardc/Info.plist ... 
2019-10-03 13:19:44 +0000  1745 bytes for ./Payload/MediPac.app/Base.lproj/Main.storyboardc/Info.plist
copying file ./Payload/MediPac.app/Base.lproj/Main.storyboardc/UINavigationController-nMS-MJ-DCC.nib ... 
2019-10-03 13:19:44 +0000  1692 bytes for ./Payload/MediPac.app/Base.lproj/Main.storyboardc/UINavigationController-nMS-MJ-DCC.nib
copying file ./Payload/MediPac.app/Base.lproj/Main.storyboardc/H1G-VI-E1S-view-fRZ-1X-kKd.nib ... 
2019-10-03 13:19:44 +0000  21754 bytes for ./Payload/MediPac.app/Base.lproj/Main.storyboardc/H1G-VI-E1S-view-fRZ-1X-kKd.nib
2019-10-03 13:19:44 +0000  copying file ./Payload/MediPac.app/Base.lproj/Main.storyboardc/LNN-uc-bWe-view-0Ob-nV-qjP.nib ... 
2019-10-03 13:19:44 +0000  15427 bytes for ./Payload/MediPac.app/Base.lproj/Main.storyboardc/LNN-uc-bWe-view-0Ob-nV-qjP.nib
2019-10-03 13:19:44 +0000  copying file ./Payload/MediPac.app/Base.lproj/Main.storyboardc/LoginVC.nib ... 
1064 bytes for ./Payload/MediPac.app/Base.lproj/Main.storyboardc/LoginVC.nib
copying file ./Payload/MediPac.app/Base.lproj/Main.storyboardc/VideosVC.nib ... 
2019-10-03 13:19:44 +0000  2952 bytes for ./Payload/MediPac.app/Base.lproj/Main.storyboardc/VideosVC.nib
copying file ./Payload/MediPac.app/Base.lproj/Main.storyboardc/SingleTripPlan5VC.nib ... 
2019-10-03 13:19:44 +0000  9871 bytes for ./Payload/MediPac.app/Base.lproj/Main.storyboardc/SingleTripPlan5VC.nib
2019-10-03 13:19:44 +0000  copying file ./Payload/MediPac.app/Base.lproj/Main.storyboardc/AddFamilyViewController.nib ... 
1002 bytes for ./Payload/MediPac.app/Base.lproj/Main.storyboardc/AddFamilyViewController.nib
copying file ./Payload/MediPac.app/Base.lproj/Main.storyboardc/AboutUsVC.nib ... 
2019-10-03 13:19:44 +0000  1033 bytes for ./Payload/MediPac.app/Base.lproj/Main.storyboardc/AboutUsVC.nib
copying file ./Payload/MediPac.app/Base.lproj/LaunchScreen.storyboardc/01J-lp-oVM-view-Ze5-6b-2t3.nib ... 
2019-10-03 13:19:44 +0000  1790 bytes for ./Payload/MediPac.app/Base.lproj/LaunchScreen.storyboardc/01J-lp-oVM-view-Ze5-6b-2t3.nib
copying file ./Payload/MediPac.app/Base.lproj/LaunchScreen.storyboardc/UIViewController-01J-lp-oVM.nib ... 
2019-10-03 13:19:44 +0000  832 bytes for ./Payload/MediPac.app/Base.lproj/LaunchScreen.storyboardc/UIViewController-01J-lp-oVM.nib
copying file ./Payload/MediPac.app/Base.lproj/LaunchScreen.storyboardc/Info.plist ... 
258 bytes for ./Payload/MediPac.app/Base.lproj/LaunchScreen.storyboardc/Info.plist
2019-10-03 13:19:44 +0000  copying file ./Payload/MediPac.app/GoogleSignIn.bundle/de.lproj/GoogleSignIn.strings ... 
723 bytes for ./Payload/MediPac.app/GoogleSignIn.bundle/de.lproj/GoogleSignIn.strings
2019-10-03 13:19:44 +0000  copying file ./Payload/MediPac.app/GoogleSignIn.bundle/he.lproj/GoogleSignIn.strings ... 
748 bytes for ./Payload/MediPac.app/GoogleSignIn.bundle/he.lproj/GoogleSignIn.strings
copying file ./Payload/MediPac.app/GoogleSignIn.bundle/ar.lproj/GoogleSignIn.strings ... 
2019-10-03 13:19:44 +0000  823 bytes for ./Payload/MediPac.app/GoogleSignIn.bundle/ar.lproj/GoogleSignIn.strings
copying file ./Payload/MediPac.app/GoogleSignIn.bundle/el.lproj/GoogleSignIn.strings ... 
2019-10-03 13:19:44 +0000  871 bytes for ./Payload/MediPac.app/GoogleSignIn.bundle/el.lproj/GoogleSignIn.strings
copying file ./Payload/MediPac.app/GoogleSignIn.bundle/ja.lproj/GoogleSignIn.strings ... 
2019-10-03 13:19:44 +0000  765 bytes for ./Payload/MediPac.app/GoogleSignIn.bundle/ja.lproj/GoogleSignIn.strings
copying file ./Payload/MediPac.app/GoogleSignIn.bundle/en.lproj/GoogleSignIn.strings ... 
2019-10-03 13:19:44 +0000  658 bytes for ./Payload/MediPac.app/GoogleSignIn.bundle/en.lproj/GoogleSignIn.strings
copying file ./Payload/MediPac.app/GoogleSignIn.bundle/uk.lproj/GoogleSignIn.strings ... 
874 bytes for ./Payload/MediPac.app/GoogleSignIn.bundle/uk.lproj/GoogleSignIn.strings
2019-10-03 13:19:44 +0000  copying file ./Payload/MediPac.app/GoogleSignIn.bundle/es_MX.lproj/GoogleSignIn.strings ... 
665 bytes for ./Payload/MediPac.app/GoogleSignIn.bundle/es_MX.lproj/GoogleSignIn.strings
copying file ./Payload/MediPac.app/GoogleSignIn.bundle/zh_CN.lproj/GoogleSignIn.strings ... 
2019-10-03 13:19:44 +0000  702 bytes for ./Payload/MediPac.app/GoogleSignIn.bundle/zh_CN.lproj/GoogleSignIn.strings
copying file ./Payload/MediPac.app/GoogleSignIn.bundle/nb.lproj/GoogleSignIn.strings ... 
2019-10-03 13:19:44 +0000  670 bytes for ./Payload/MediPac.app/GoogleSignIn.bundle/nb.lproj/GoogleSignIn.strings
copying file ./Payload/MediPac.app/GoogleSignIn.bundle/es.lproj/GoogleSignIn.strings ... 
724 bytes for ./Payload/MediPac.app/GoogleSignIn.bundle/es.lproj/GoogleSignIn.strings
2019-10-03 13:19:44 +0000  copying file ./Payload/MediPac.app/GoogleSignIn.bundle/pt_BR.lproj/GoogleSignIn.strings ... 
717 bytes for ./Payload/MediPac.app/GoogleSignIn.bundle/pt_BR.lproj/GoogleSignIn.strings
2019-10-03 13:19:44 +0000  copying file ./Payload/MediPac.app/GoogleSignIn.bundle/da.lproj/GoogleSignIn.strings ... 
670 bytes for ./Payload/MediPac.app/GoogleSignIn.bundle/da.lproj/GoogleSignIn.strings
copying file ./Payload/MediPac.app/GoogleSignIn.bundle/it.lproj/GoogleSignIn.strings ... 
2019-10-03 13:19:44 +0000  671 bytes for ./Payload/MediPac.app/GoogleSignIn.bundle/it.lproj/GoogleSignIn.strings
copying file ./Payload/MediPac.app/GoogleSignIn.bundle/sk.lproj/GoogleSignIn.strings ... 
2019-10-03 13:19:44 +0000  753 bytes for ./Payload/MediPac.app/GoogleSignIn.bundle/sk.lproj/GoogleSignIn.strings
copying file ./Payload/MediPac.app/GoogleSignIn.bundle/pt_PT.lproj/GoogleSignIn.strings ... 
725 bytes for ./Payload/MediPac.app/GoogleSignIn.bundle/pt_PT.lproj/GoogleSignIn.strings
copying file ./Payload/MediPac.app/GoogleSignIn.bundle/google@3x.png ... 
2019-10-03 13:19:44 +0000  1622 bytes for ./Payload/MediPac.app/GoogleSignIn.bundle/google@3x.png
copying file ./Payload/MediPac.app/GoogleSignIn.bundle/ms.lproj/GoogleSignIn.strings ... 
2019-10-03 13:19:44 +0000  687 bytes for ./Payload/MediPac.app/GoogleSignIn.bundle/ms.lproj/GoogleSignIn.strings
copying file ./Payload/MediPac.app/GoogleSignIn.bundle/sv.lproj/GoogleSignIn.strings ... 
687 bytes for ./Payload/MediPac.app/GoogleSignIn.bundle/sv.lproj/GoogleSignIn.strings
copying file ./Payload/MediPac.app/GoogleSignIn.bundle/cs.lproj/GoogleSignIn.strings ... 
2019-10-03 13:19:44 +0000  735 bytes for ./Payload/MediPac.app/GoogleSignIn.bundle/cs.lproj/GoogleSignIn.strings
copying file ./Payload/MediPac.app/GoogleSignIn.bundle/google@2x.png ... 
987 bytes for ./Payload/MediPac.app/GoogleSignIn.bundle/google@2x.png
2019-10-03 13:19:44 +0000  copying file ./Payload/MediPac.app/GoogleSignIn.bundle/ko.lproj/GoogleSignIn.strings ... 
719 bytes for ./Payload/MediPac.app/GoogleSignIn.bundle/ko.lproj/GoogleSignIn.strings
copying file ./Payload/MediPac.app/GoogleSignIn.bundle/hu.lproj/GoogleSignIn.strings ... 
2019-10-03 13:19:44 +0000  748 bytes for ./Payload/MediPac.app/GoogleSignIn.bundle/hu.lproj/GoogleSignIn.strings
copying file ./Payload/MediPac.app/GoogleSignIn.bundle/tr.lproj/GoogleSignIn.strings ... 
695 bytes for ./Payload/MediPac.app/GoogleSignIn.bundle/tr.lproj/GoogleSignIn.strings
2019-10-03 13:19:44 +0000  copying file ./Payload/MediPac.app/GoogleSignIn.bundle/pl.lproj/GoogleSignIn.strings ... 
697 bytes for ./Payload/MediPac.app/GoogleSignIn.bundle/pl.lproj/GoogleSignIn.strings
2019-10-03 13:19:44 +0000  copying file ./Payload/MediPac.app/GoogleSignIn.bundle/zh_TW.lproj/GoogleSignIn.strings ... 
674 bytes for ./Payload/MediPac.app/GoogleSignIn.bundle/zh_TW.lproj/GoogleSignIn.strings
copying file ./Payload/MediPac.app/GoogleSignIn.bundle/en_GB.lproj/GoogleSignIn.strings ... 
2019-10-03 13:19:44 +0000  658 bytes for ./Payload/MediPac.app/GoogleSignIn.bundle/en_GB.lproj/GoogleSignIn.strings
copying file ./Payload/MediPac.app/GoogleSignIn.bundle/vi.lproj/GoogleSignIn.strings ... 
743 bytes for ./Payload/MediPac.app/GoogleSignIn.bundle/vi.lproj/GoogleSignIn.strings
2019-10-03 13:19:44 +0000  copying file ./Payload/MediPac.app/GoogleSignIn.bundle/ru.lproj/GoogleSignIn.strings ... 
844 bytes for ./Payload/MediPac.app/GoogleSignIn.bundle/ru.lproj/GoogleSignIn.strings
copying file ./Payload/MediPac.app/GoogleSignIn.bundle/fr.lproj/GoogleSignIn.strings ... 
2019-10-03 13:19:44 +0000  728 bytes for ./Payload/MediPac.app/GoogleSignIn.bundle/fr.lproj/GoogleSignIn.strings
copying file ./Payload/MediPac.app/GoogleSignIn.bundle/fi.lproj/GoogleSignIn.strings ... 
709 bytes for ./Payload/MediPac.app/GoogleSignIn.bundle/fi.lproj/GoogleSignIn.strings
2019-10-03 13:19:44 +0000  copying file ./Payload/MediPac.app/GoogleSignIn.bundle/id.lproj/GoogleSignIn.strings ... 
654 bytes for ./Payload/MediPac.app/GoogleSignIn.bundle/id.lproj/GoogleSignIn.strings
copying file ./Payload/MediPac.app/GoogleSignIn.bundle/nl.lproj/GoogleSignIn.strings ... 
2019-10-03 13:19:44 +0000  683 bytes for ./Payload/MediPac.app/GoogleSignIn.bundle/nl.lproj/GoogleSignIn.strings
copying file ./Payload/MediPac.app/GoogleSignIn.bundle/th.lproj/GoogleSignIn.strings ... 
2019-10-03 13:19:44 +0000  934 bytes for ./Payload/MediPac.app/GoogleSignIn.bundle/th.lproj/GoogleSignIn.strings
copying file ./Payload/MediPac.app/GoogleSignIn.bundle/pt.lproj/GoogleSignIn.strings ... 
717 bytes for ./Payload/MediPac.app/GoogleSignIn.bundle/pt.lproj/GoogleSignIn.strings
2019-10-03 13:19:44 +0000  copying file ./Payload/MediPac.app/GoogleSignIn.bundle/google.png ... 
572 bytes for ./Payload/MediPac.app/GoogleSignIn.bundle/google.png
copying file ./Payload/MediPac.app/GoogleSignIn.bundle/Roboto-Bold.ttf ... 
2019-10-03 13:19:44 +0000  127744 bytes for ./Payload/MediPac.app/GoogleSignIn.bundle/Roboto-Bold.ttf
2019-10-03 13:19:44 +0000  copying file ./Payload/MediPac.app/GoogleSignIn.bundle/ro.lproj/GoogleSignIn.strings ... 
719 bytes for ./Payload/MediPac.app/GoogleSignIn.bundle/ro.lproj/GoogleSignIn.strings
copying file ./Payload/MediPac.app/GoogleSignIn.bundle/Info.plist ... 
729 bytes for ./Payload/MediPac.app/GoogleSignIn.bundle/Info.plist
2019-10-03 13:19:44 +0000  copying file ./Payload/MediPac.app/GoogleSignIn.bundle/hr.lproj/GoogleSignIn.strings ... 
697 bytes for ./Payload/MediPac.app/GoogleSignIn.bundle/hr.lproj/GoogleSignIn.strings
copying file ./Payload/MediPac.app/GoogleSignIn.bundle/ca.lproj/GoogleSignIn.strings ... 
2019-10-03 13:19:44 +0000  766 bytes for ./Payload/MediPac.app/GoogleSignIn.bundle/ca.lproj/GoogleSignIn.strings
copying file ./Payload/MediPac.app/Quicksand-Regular.ttf ... 
2019-10-03 13:19:44 +0000  107196 bytes for ./Payload/MediPac.app/Quicksand-Regular.ttf
copying file ./Payload/MediPac.app/Assets.car ... 
2019-10-03 13:19:44 +0000  9463824 bytes for ./Payload/MediPac.app/Assets.car
copying file ./Payload/MediPac.app/AssetPackManifest.plist ... 
2019-10-03 13:19:44 +0000  348 bytes for ./Payload/MediPac.app/AssetPackManifest.plist
copying file ./Payload/MediPac.app/montserrat-light_[allfont.net].ttf ... 
43940 bytes for ./Payload/MediPac.app/montserrat-light_[allfont.net].ttf
copying file ./Payload/MediPac.app/LaunchImage-700@2x.png ... 
2019-10-03 13:19:45 +0000  1531728 bytes for ./Payload/MediPac.app/LaunchImage-700@2x.png
2019-10-03 13:19:45 +0000  copying file ./Payload/MediPac.app/LaunchImage-700-568h@2x.png ... 
2019-10-03 13:19:45 +0000  1744052 bytes for ./Payload/MediPac.app/LaunchImage-700-568h@2x.png
copying file ./Payload/MediPac.app/Montserrat-Regular.ttf ... 
2019-10-03 13:19:45 +0000  29016 bytes for ./Payload/MediPac.app/Montserrat-Regular.ttf
2019-10-03 13:19:45 +0000  copying file ./Payload/MediPac.app/OnDemandResources/com.appypiellc.appypiellc.ContentView.assetpack/Info.plist ... 
144 bytes for ./Payload/MediPac.app/OnDemandResources/com.appypiellc.appypiellc.ContentView.assetpack/Info.plist
copying file ./Payload/MediPac.app/embedded.mobileprovision ... 
2019-10-03 13:19:45 +0000  7313 bytes for ./Payload/MediPac.app/embedded.mobileprovision
2019-10-03 13:19:45 +0000  copying file ./Payload/MediPac.app/SVProgressHUD.bundle/info.png ... 
365 bytes for ./Payload/MediPac.app/SVProgressHUD.bundle/info.png
copying file ./Payload/MediPac.app/SVProgressHUD.bundle/error@3x.png ... 
398 bytes for ./Payload/MediPac.app/SVProgressHUD.bundle/error@3x.png
2019-10-03 13:19:45 +0000  copying file ./Payload/MediPac.app/SVProgressHUD.bundle/angle-mask@3x.png ... 
8319 bytes for ./Payload/MediPac.app/SVProgressHUD.bundle/angle-mask@3x.png
copying file ./Payload/MediPac.app/SVProgressHUD.bundle/angle-mask@2x.png ... 
2019-10-03 13:19:45 +0000  4893 bytes for ./Payload/MediPac.app/SVProgressHUD.bundle/angle-mask@2x.png
copying file ./Payload/MediPac.app/SVProgressHUD.bundle/error@2x.png ... 
306 bytes for ./Payload/MediPac.app/SVProgressHUD.bundle/error@2x.png
copying file ./Payload/MediPac.app/SVProgressHUD.bundle/info@3x.png ... 
2019-10-03 13:19:45 +0000  1200 bytes for ./Payload/MediPac.app/SVProgressHUD.bundle/info@3x.png
copying file ./Payload/MediPac.app/SVProgressHUD.bundle/success@2x.png ... 
462 bytes for ./Payload/MediPac.app/SVProgressHUD.bundle/success@2x.png
copying file ./Payload/MediPac.app/SVProgressHUD.bundle/success@3x.png ... 
2019-10-03 13:19:45 +0000  714 bytes for ./Payload/MediPac.app/SVProgressHUD.bundle/success@3x.png
copying file ./Payload/MediPac.app/SVProgressHUD.bundle/info@2x.png ... 
816 bytes for ./Payload/MediPac.app/SVProgressHUD.bundle/info@2x.png
copying file ./Payload/MediPac.app/SVProgressHUD.bundle/error.png ... 
2019-10-03 13:19:45 +0000  184 bytes for ./Payload/MediPac.app/SVProgressHUD.bundle/error.png
copying file ./Payload/MediPac.app/SVProgressHUD.bundle/success.png ... 
262 bytes for ./Payload/MediPac.app/SVProgressHUD.bundle/success.png
copying file ./Payload/MediPac.app/SVProgressHUD.bundle/angle-mask.png ... 
2019-10-03 13:19:45 +0000  1845 bytes for ./Payload/MediPac.app/SVProgressHUD.bundle/angle-mask.png
copying file ./Payload/MediPac.app/Info.plist ... 
2019-10-03 13:19:45 +0000  2430 bytes for ./Payload/MediPac.app/Info.plist
copying file ./Payload/MediPac.app/PkgInfo ... 
8 bytes for ./Payload/MediPac.app/PkgInfo
copying file ./Payload/MediPac.app/MediPac.momd/VersionInfo.plist ... 
2019-10-03 13:19:45 +0000  198 bytes for ./Payload/MediPac.app/MediPac.momd/VersionInfo.plist
copying file ./Payload/MediPac.app/MediPac.momd/MediPac.mom ... 
1740 bytes for ./Payload/MediPac.app/MediPac.momd/MediPac.mom
2019-10-03 13:19:45 +0000  /usr/bin/ditto exited with 0
2019-10-03 13:19:45 +0000  Processing step: IDEDistributionAppStoreInformationStep
2019-10-03 13:19:45 +0000  Skipping step: IDEDistributionAppStoreInformationStep because it said so
2019-10-03 13:19:45 +0000  Processing step: IDEDistributionCreateManifestStep
